<?xml version="1.0" encoding="UTF-8"?>
<!-- Generated by org.testng.reporters.JUnitReportReporter -->
<testsuite skipped="0" hostname="Nagarjuna-Y" name="com.test.automation.FMSV12_Japan.dashboard.TC103_VerifyUserProfile_Help" tests="2" failures="0" timestamp="19 Nov 2019 10:53:42 GMT" time="142.827" errors="0">
  <testcase name="Verifying_Help_PopWindow" time="71.981" classname="com.test.automation.FMSV12_Japan.dashboard.TC103_VerifyUserProfile_Help"/>
  <testcase name="Verifying_Help_PopWindow" time="70.846" classname="com.test.automation.FMSV12_Japan.dashboard.TC103_VerifyUserProfile_Help"/>
</testsuite> <!-- com.test.automation.FMSV12_Japan.dashboard.TC103_VerifyUserProfile_Help -->
