<?xml version="1.0" encoding="UTF-8"?>
<!-- Generated by org.testng.reporters.JUnitReportReporter -->
<testsuite skipped="0" hostname="Nagarjuna-Y" name="com.test.automation.FMSV12_Japan.dashboard.TC107_VerifyingDashboardVehicleStatus" tests="4" failures="0" timestamp="25 Nov 2019 10:30:24 GMT" time="75.162" errors="0">
  <testcase name="c_verifyDashboardVideoWindow" time="1.232" classname="com.test.automation.FMSV12_Japan.dashboard.TC107_VerifyingDashboardVehicleStatus"/>
  <testcase name="a_verifyDashboardVehicleStatus" time="71.132" classname="com.test.automation.FMSV12_Japan.dashboard.TC107_VerifyingDashboardVehicleStatus"/>
  <testcase name="b_verifyDashboardLastStatusWindow" time="1.680" classname="com.test.automation.FMSV12_Japan.dashboard.TC107_VerifyingDashboardVehicleStatus"/>
  <testcase name="b_verifyDashboardMapWindow" time="1.118" classname="com.test.automation.FMSV12_Japan.dashboard.TC107_VerifyingDashboardVehicleStatus"/>
</testsuite> <!-- com.test.automation.FMSV12_Japan.dashboard.TC107_VerifyingDashboardVehicleStatus -->
