<?xml version="1.0" encoding="UTF-8"?>
<!-- Generated by org.testng.reporters.JUnitReportReporter -->
<testsuite skipped="0" hostname="Nagarjuna-Y" name="com.test.automation.FMSV12_Japan.dashboard.TC114_VerfiyCurrentFleet_ToolTipText" tests="1" failures="0" timestamp="20 Nov 2019 11:25:09 GMT" time="70.618" errors="0">
  <testcase name="verifyCureentFleet_ToolTip" time="70.618" classname="com.test.automation.FMSV12_Japan.dashboard.TC114_VerfiyCurrentFleet_ToolTipText"/>
</testsuite> <!-- com.test.automation.FMSV12_Japan.dashboard.TC114_VerfiyCurrentFleet_ToolTipText -->
