<?xml version="1.0" encoding="UTF-8"?>
<!-- Generated by org.testng.reporters.JUnitReportReporter -->
<testsuite skipped="0" hostname="Nagarjuna-Y" name="com.test.automation.FMSV12_Japan.loginpage.TC011_VerifyLoginPage_MeikoLogo" tests="1" failures="0" timestamp="22 Oct 2019 05:28:28 GMT" time="0.409" errors="0">
  <testcase name="verifyMeikoLogo" time="0.409" classname="com.test.automation.FMSV12_Japan.loginpage.TC011_VerifyLoginPage_MeikoLogo"/>
</testsuite> <!-- com.test.automation.FMSV12_Japan.loginpage.TC011_VerifyLoginPage_MeikoLogo -->
