<?xml version="1.0" encoding="UTF-8"?>
<!-- Generated by org.testng.reporters.JUnitReportReporter -->
<testsuite skipped="0" hostname="Nagarjuna-Y" name="com.test.automation.FMSV12_Japan.loginpage.TC003_VerfyingSubmitButtonColorCode" tests="2" failures="0" timestamp="17 Jan 2020 05:20:10 GMT" time="0.860" errors="0">
  <testcase name="b_verifySubmitButtonColor_BeforeClick" time="0.428" classname="com.test.automation.FMSV12_Japan.loginpage.TC003_VerfyingSubmitButtonColorCode"/>
  <testcase name="a_VerifyRememberMe_CheckBox" time="0.432" classname="com.test.automation.FMSV12_Japan.loginpage.TC003_VerfyingSubmitButtonColorCode"/>
</testsuite> <!-- com.test.automation.FMSV12_Japan.loginpage.TC003_VerfyingSubmitButtonColorCode -->
