<?xml version="1.0" encoding="UTF-8"?>
<!-- Generated by org.testng.reporters.JUnitReportReporter -->
<testsuite skipped="0" hostname="Nagarjuna-Y" name="com.test.automation.FMSV12_Japan.vehiclereports.TC216_AlertExceptionSummary" tests="1" failures="0" timestamp="10 Dec 2019 12:42:21 GMT" time="196.687" errors="0">
  <testcase name="alertExceptionSummaryOption" time="196.687" classname="com.test.automation.FMSV12_Japan.vehiclereports.TC216_AlertExceptionSummary"/>
</testsuite> <!-- com.test.automation.FMSV12_Japan.vehiclereports.TC216_AlertExceptionSummary -->
