<?xml version="1.0" encoding="UTF-8"?>
<!-- Generated by org.testng.reporters.JUnitReportReporter -->
<testsuite skipped="0" hostname="Nagarjuna-Y" name="com.test.automation.FMSV12_Japan.loginpage.TC016_Verify_ContactUs" tests="1" failures="0" timestamp="12 Nov 2019 04:49:19 GMT" time="71.376" errors="0">
  <testcase name="Verifying_ContactUS_PopWindow" time="71.376" classname="com.test.automation.FMSV12_Japan.loginpage.TC016_Verify_ContactUs"/>
</testsuite> <!-- com.test.automation.FMSV12_Japan.loginpage.TC016_Verify_ContactUs -->
