<?xml version="1.0" encoding="UTF-8"?>
<!-- Generated by org.testng.reporters.JUnitReportReporter -->
<testsuite skipped="0" hostname="Nagarjuna-Y" name="com.test.automation.FMSV12_Japan.dashboard.TC110_VerifyStateOfVehicle_Idle" tests="2" failures="0" timestamp="13 Nov 2019 12:29:09 GMT" time="311.090" errors="0">
  <testcase name="idleState" time="310.442" classname="com.test.automation.FMSV12_Japan.dashboard.TC110_VerifyStateOfVehicle_Idle"/>
  <testcase name="IdleVehiclesReport_VerifyRecordsperpageDropdown" time="0.648" classname="com.test.automation.FMSV12_Japan.dashboard.TC110_VerifyStateOfVehicle_Idle"/>
</testsuite> <!-- com.test.automation.FMSV12_Japan.dashboard.TC110_VerifyStateOfVehicle_Idle -->
