<?xml version="1.0" encoding="UTF-8"?>
<!-- Generated by org.testng.reporters.JUnitReportReporter -->
<testsuite skipped="0" hostname="Nagarjuna-Y" name="com.test.automation.FMSV12_Japan.dashboard.TC101_VerifyUserProfile_ChangePassword" tests="4" failures="0" timestamp="03 Dec 2019 07:02:12 GMT" time="74.218" errors="0">
  <testcase name="c_verifyingChangePasswordValidation" time="0.860" classname="com.test.automation.FMSV12_Japan.dashboard.TC101_VerifyUserProfile_ChangePassword"/>
  <testcase name="b_verifyingChangePasswordValidation" time="0.796" classname="com.test.automation.FMSV12_Japan.dashboard.TC101_VerifyUserProfile_ChangePassword"/>
  <testcase name="d_verifyingChangePasswordValidation" time="1.017" classname="com.test.automation.FMSV12_Japan.dashboard.TC101_VerifyUserProfile_ChangePassword"/>
  <testcase name="a_verifyingChangePasswordValidation" time="71.545" classname="com.test.automation.FMSV12_Japan.dashboard.TC101_VerifyUserProfile_ChangePassword"/>
</testsuite> <!-- com.test.automation.FMSV12_Japan.dashboard.TC101_VerifyUserProfile_ChangePassword -->
