<?xml version="1.0" encoding="UTF-8"?>
<!-- Generated by org.testng.reporters.JUnitReportReporter -->
<testsuite skipped="0" hostname="Nagarjuna-Y" name="com.test.automation.FMSV12_Japan.dashboard.TC107_VerifyingVehicleStatusReport" tests="1" failures="0" timestamp="20 Nov 2019 05:33:26 GMT" time="69.370" errors="0">
  <testcase name="masterOption" time="69.370" classname="com.test.automation.FMSV12_Japan.dashboard.TC107_VerifyingVehicleStatusReport"/>
</testsuite> <!-- com.test.automation.FMSV12_Japan.dashboard.TC107_VerifyingVehicleStatusReport -->
