<?xml version="1.0" encoding="UTF-8"?>
<!-- Generated by org.testng.reporters.JUnitReportReporter -->
<testsuite skipped="0" hostname="Nagarjuna-Y" name="com.test.automation.FMSV12_Japan.trackonmap.TC303_VerifyTrackOnMap" tests="2" failures="0" timestamp="16 Dec 2019 10:33:02 GMT" time="193.401" errors="0">
  <testcase name="verifyTrackOnMapAlertStatus" time="71.743" classname="com.test.automation.FMSV12_Japan.trackonmap.TC303_VerifyTrackOnMap"/>
  <testcase name="verifyVehicleStatus_Moving" time="121.658" classname="com.test.automation.FMSV12_Japan.trackonmap.TC303_VerifyTrackOnMap"/>
</testsuite> <!-- com.test.automation.FMSV12_Japan.trackonmap.TC303_VerifyTrackOnMap -->
