<?xml version="1.0" encoding="UTF-8"?>
<!-- Generated by org.testng.reporters.JUnitReportReporter -->
<testsuite skipped="0" hostname="Nagarjuna-Y" name="com.test.automation.FMSV12_Japan.vehiclereports.TC205_VerifyActivityReport_ViolationCount" tests="1" failures="0" timestamp="04 Dec 2019 07:18:25 GMT" time="206.876" errors="0">
  <testcase name="ActivityOption_ViolationCount" time="206.876" classname="com.test.automation.FMSV12_Japan.vehiclereports.TC205_VerifyActivityReport_ViolationCount"/>
</testsuite> <!-- com.test.automation.FMSV12_Japan.vehiclereports.TC205_VerifyActivityReport_ViolationCount -->
