<?xml version="1.0" encoding="UTF-8"?>
<!-- Generated by org.testng.reporters.JUnitReportReporter -->
<testsuite skipped="0" hostname="Nagarjuna-Y" name="com.test.automation.FMSV12_Japan.dashboard.TC106_VerifyManangementDashboardCheckbox" tests="1" failures="0" timestamp="25 Nov 2019 10:30:25 GMT" time="68.795" errors="0">
  <testcase name="VerifyManangementDashboardCheckbox" time="68.795" classname="com.test.automation.FMSV12_Japan.dashboard.TC106_VerifyManangementDashboardCheckbox"/>
</testsuite> <!-- com.test.automation.FMSV12_Japan.dashboard.TC106_VerifyManangementDashboardCheckbox -->
