<?xml version="1.0" encoding="UTF-8"?>
<!-- Generated by org.testng.reporters.JUnitReportReporter -->
<testsuite skipped="0" hostname="Nagarjuna-Y" name="com.test.automation.FMSV12_Japan.vehiclereports.TC206_VerifyActivity_HarshBreakReport" tests="3" failures="0" timestamp="03 Dec 2019 12:54:56 GMT" time="215.122" errors="0">
  <testcase name="a_ActivityOption" time="199.512" classname="com.test.automation.FMSV12_Japan.vehiclereports.TC206_VerifyActivity_HarshBreakReport"/>
  <testcase name="b_ViolationCount" time="7.912" classname="com.test.automation.FMSV12_Japan.vehiclereports.TC206_VerifyActivity_HarshBreakReport"/>
  <testcase name="d_HarshBreak" time="7.698" classname="com.test.automation.FMSV12_Japan.vehiclereports.TC206_VerifyActivity_HarshBreakReport"/>
</testsuite> <!-- com.test.automation.FMSV12_Japan.vehiclereports.TC206_VerifyActivity_HarshBreakReport -->
