<?xml version="1.0" encoding="UTF-8"?>
<!-- Generated by org.testng.reporters.JUnitReportReporter -->
<testsuite skipped="0" hostname="Nagarjuna-Y" name="com.test.automation.FMSV12_Japan.dashboard.TC105_VerifyingDashboardLogo" tests="1" failures="0" timestamp="18 Nov 2019 12:19:32 GMT" time="70.514" errors="0">
  <testcase name="verifyDashboardLogo" time="70.514" classname="com.test.automation.FMSV12_Japan.dashboard.TC105_VerifyingDashboardLogo"/>
</testsuite> <!-- com.test.automation.FMSV12_Japan.dashboard.TC105_VerifyingDashboardLogo -->
