<?xml version="1.0" encoding="UTF-8"?>
<!-- Generated by org.testng.reporters.JUnitReportReporter -->
<testsuite skipped="0" hostname="Nagarjuna-Y" name="com.test.automation.FMSV12_Japan.vehiclereports.TC201_VerifyActivityReport" tests="2" failures="0" timestamp="29 Nov 2019 11:54:47 GMT" time="368.455" errors="0">
  <testcase name="b_AlertCount" time="7.842" classname="com.test.automation.FMSV12_Japan.vehiclereports.TC201_VerifyActivityReport"/>
  <testcase name="a_ActivityOption" time="360.613" classname="com.test.automation.FMSV12_Japan.vehiclereports.TC201_VerifyActivityReport"/>
</testsuite> <!-- com.test.automation.FMSV12_Japan.vehiclereports.TC201_VerifyActivityReport -->
