<?xml version="1.0" encoding="UTF-8"?>
<!-- Generated by org.testng.reporters.JUnitReportReporter -->
<testsuite skipped="0" hostname="Nagarjuna-Y" name="com.test.automation.FMSV12_Japan.dashboard.TC101_VerifyUserProfile_ChangePassword" tests="4" failures="0" timestamp="18 Nov 2019 07:31:45 GMT" time="73.981" errors="0">
  <testcase name="d_VerifyingChangePasswordValidation" time="1.017" classname="com.test.automation.FMSV12_Japan.dashboard.TC101_VerifyUserProfile_ChangePassword"/>
  <testcase name="b_VerifyingChangePasswordValidation" time="0.785" classname="com.test.automation.FMSV12_Japan.dashboard.TC101_VerifyUserProfile_ChangePassword"/>
  <testcase name="c_VerifyingChangePasswordValidation" time="0.854" classname="com.test.automation.FMSV12_Japan.dashboard.TC101_VerifyUserProfile_ChangePassword"/>
  <testcase name="a_VerifyingChangePasswordValidation" time="71.325" classname="com.test.automation.FMSV12_Japan.dashboard.TC101_VerifyUserProfile_ChangePassword"/>
</testsuite> <!-- com.test.automation.FMSV12_Japan.dashboard.TC101_VerifyUserProfile_ChangePassword -->
