<?xml version="1.0" encoding="UTF-8"?>
<!-- Generated by org.testng.reporters.JUnitReportReporter -->
<testsuite skipped="0" hostname="Nagarjuna-Y" name="com.test.automation.FMSV12_Japan.vehiclereports.TC206_VerifySpeedGraph" tests="1" failures="0" timestamp="13 Dec 2019 11:41:37 GMT" time="326.287" errors="0">
  <testcase name="verifySpeedGraphOption" time="326.287" classname="com.test.automation.FMSV12_Japan.vehiclereports.TC206_VerifySpeedGraph"/>
</testsuite> <!-- com.test.automation.FMSV12_Japan.vehiclereports.TC206_VerifySpeedGraph -->
