<?xml version="1.0" encoding="UTF-8"?>
<!-- Generated by org.testng.reporters.JUnitReportReporter -->
<testsuite skipped="0" hostname="Nagarjuna-Y" name="com.test.automation.FMSV12_Japan.loginpage.TC002_VerifyLoginPageMeikoLogo" tests="3" failures="0" timestamp="14 Nov 2019 09:40:21 GMT" time="0.772" errors="0">
  <testcase name="verifyMeikoLogo" time="0.198" classname="com.test.automation.FMSV12_Japan.loginpage.TC002_VerifyLoginPageMeikoLogo"/>
  <testcase name="verifyMeikoLogo" time="0.207" classname="com.test.automation.FMSV12_Japan.loginpage.TC002_VerifyLoginPageMeikoLogo"/>
  <testcase name="verifyMeikoLogo" time="0.367" classname="com.test.automation.FMSV12_Japan.loginpage.TC002_VerifyLoginPageMeikoLogo"/>
</testsuite> <!-- com.test.automation.FMSV12_Japan.loginpage.TC002_VerifyLoginPageMeikoLogo -->
