<?xml version="1.0" encoding="UTF-8"?>
<!-- Generated by org.testng.reporters.JUnitReportReporter -->
<testsuite skipped="0" hostname="Nagarjuna-Y" name="com.test.automation.FMSV12_Japan.dashboard.TC111_VerifyStateOfVehicle_Inactive" tests="2" failures="0" timestamp="19 Nov 2019 10:53:42 GMT" time="506.064" errors="0">
  <testcase name="VerifyinactiveState" time="252.393" classname="com.test.automation.FMSV12_Japan.dashboard.TC111_VerifyStateOfVehicle_Inactive"/>
  <testcase name="VerifyinactiveState" time="253.671" classname="com.test.automation.FMSV12_Japan.dashboard.TC111_VerifyStateOfVehicle_Inactive"/>
</testsuite> <!-- com.test.automation.FMSV12_Japan.dashboard.TC111_VerifyStateOfVehicle_Inactive -->
