<?xml version="1.0" encoding="UTF-8"?>
<!-- Generated by org.testng.reporters.JUnitReportReporter -->
<testsuite skipped="0" hostname="Nagarjuna-Y" name="com.test.automation.FMSV12_Japan.loginpage.TC001_Verifylogin" tests="8" failures="0" timestamp="23 Oct 2019 10:44:59 GMT" time="136.610" errors="0">
  <testcase name="verifyLogin" time="1.140" classname="com.test.automation.FMSV12_Japan.loginpage.TC001_Verifylogin"/>
  <testcase name="verifyLogin" time="22.451" classname="com.test.automation.FMSV12_Japan.loginpage.TC001_Verifylogin"/>
  <testcase name="verifyLogin" time="22.435" classname="com.test.automation.FMSV12_Japan.loginpage.TC001_Verifylogin"/>
  <testcase name="verifyLogin" time="22.515" classname="com.test.automation.FMSV12_Japan.loginpage.TC001_Verifylogin"/>
  <testcase name="verifyLogin" time="22.472" classname="com.test.automation.FMSV12_Japan.loginpage.TC001_Verifylogin"/>
  <testcase name="verifyLogin" time="22.330" classname="com.test.automation.FMSV12_Japan.loginpage.TC001_Verifylogin"/>
  <testcase name="verifyLogin" time="0.856" classname="com.test.automation.FMSV12_Japan.loginpage.TC001_Verifylogin"/>
  <testcase name="verifyLogin" time="22.411" classname="com.test.automation.FMSV12_Japan.loginpage.TC001_Verifylogin"/>
</testsuite> <!-- com.test.automation.FMSV12_Japan.loginpage.TC001_Verifylogin -->
