<?xml version="1.0" encoding="UTF-8"?>
<!-- Generated by org.testng.reporters.JUnitReportReporter -->
<testsuite skipped="0" hostname="Nagarjuna-Y" name="com.test.automation.FMSV12_Japan.dashboard.TC108_VerifyingStateOfVehicle_Moving" tests="4" failures="0" timestamp="19 Nov 2019 10:53:42 GMT" time="509.457" errors="0">
  <testcase name="a_movingState" time="253.705" classname="com.test.automation.FMSV12_Japan.dashboard.TC108_VerifyingStateOfVehicle_Moving"/>
  <testcase name="a_movingState" time="254.042" classname="com.test.automation.FMSV12_Japan.dashboard.TC108_VerifyingStateOfVehicle_Moving"/>
  <testcase name="b_MovingVehiclesReport_VerifyRecordsperpageDropdown" time="1.088" classname="com.test.automation.FMSV12_Japan.dashboard.TC108_VerifyingStateOfVehicle_Moving"/>
  <testcase name="b_MovingVehiclesReport_VerifyRecordsperpageDropdown" time="0.622" classname="com.test.automation.FMSV12_Japan.dashboard.TC108_VerifyingStateOfVehicle_Moving"/>
</testsuite> <!-- com.test.automation.FMSV12_Japan.dashboard.TC108_VerifyingStateOfVehicle_Moving -->
