<?xml version="1.0" encoding="UTF-8"?>
<!-- Generated by org.testng.reporters.JUnitReportReporter -->
<testsuite skipped="0" hostname="Nagarjuna-Y" name="com.test.automation.FMSV12_Japan.dashboard.TC109_VerifyStateOfVehicle_Stopped" tests="2" failures="0" timestamp="13 Nov 2019 11:57:43 GMT" time="304.100" errors="0">
  <testcase name="stoppedState" time="303.468" classname="com.test.automation.FMSV12_Japan.dashboard.TC109_VerifyStateOfVehicle_Stopped"/>
  <testcase name="StoppedVehiclesReport_VerifyRecordsperpageDropdown" time="0.632" classname="com.test.automation.FMSV12_Japan.dashboard.TC109_VerifyStateOfVehicle_Stopped"/>
</testsuite> <!-- com.test.automation.FMSV12_Japan.dashboard.TC109_VerifyStateOfVehicle_Stopped -->
