<?xml version="1.0" encoding="UTF-8"?>
<!-- Generated by org.testng.reporters.JUnitReportReporter -->
<testsuite skipped="0" hostname="Nagarjuna-Y" name="com.test.automation.FMSV12_Japan.dashboard.TC101_VerifyUserProfile_ChangePassword" tests="8" failures="0" timestamp="19 Nov 2019 10:53:42 GMT" time="152.843" errors="0">
  <testcase name="d_verifyingChangePasswordValidation" time="0.640" classname="com.test.automation.FMSV12_Japan.dashboard.TC101_VerifyUserProfile_ChangePassword"/>
  <testcase name="c_verifyingChangePasswordValidation" time="0.720" classname="com.test.automation.FMSV12_Japan.dashboard.TC101_VerifyUserProfile_ChangePassword"/>
  <testcase name="d_verifyingChangePasswordValidation" time="0.937" classname="com.test.automation.FMSV12_Japan.dashboard.TC101_VerifyUserProfile_ChangePassword"/>
  <testcase name="a_verifyingChangePasswordValidation" time="70.416" classname="com.test.automation.FMSV12_Japan.dashboard.TC101_VerifyUserProfile_ChangePassword"/>
  <testcase name="c_verifyingChangePasswordValidation" time="0.486" classname="com.test.automation.FMSV12_Japan.dashboard.TC101_VerifyUserProfile_ChangePassword"/>
  <testcase name="b_verifyingChangePasswordValidation" time="0.625" classname="com.test.automation.FMSV12_Japan.dashboard.TC101_VerifyUserProfile_ChangePassword"/>
  <testcase name="a_verifyingChangePasswordValidation" time="78.297" classname="com.test.automation.FMSV12_Japan.dashboard.TC101_VerifyUserProfile_ChangePassword"/>
  <testcase name="b_verifyingChangePasswordValidation" time="0.722" classname="com.test.automation.FMSV12_Japan.dashboard.TC101_VerifyUserProfile_ChangePassword"/>
</testsuite> <!-- com.test.automation.FMSV12_Japan.dashboard.TC101_VerifyUserProfile_ChangePassword -->
