<?xml version="1.0" encoding="UTF-8"?>
<!-- Generated by org.testng.reporters.JUnitReportReporter -->
<testsuite skipped="0" hostname="Nagarjuna-Y" name="com.test.automation.FMSV12_Japan.loginpage.TC014_VerifyingSubmitButtonColorAfterClick" tests="3" failures="0" timestamp="23 Oct 2019 09:29:57 GMT" time="29.437" errors="0">
  <testcase name="verifySubmitButtonColor_AfterClick" time="0.860" classname="com.test.automation.FMSV12_Japan.loginpage.TC014_VerifyingSubmitButtonColorAfterClick"/>
  <testcase name="verifySubmitButtonColor_AfterClick" time="0.655" classname="com.test.automation.FMSV12_Japan.loginpage.TC014_VerifyingSubmitButtonColorAfterClick"/>
  <testcase name="verifySubmitButtonColor_AfterClick" time="27.922" classname="com.test.automation.FMSV12_Japan.loginpage.TC014_VerifyingSubmitButtonColorAfterClick"/>
</testsuite> <!-- com.test.automation.FMSV12_Japan.loginpage.TC014_VerifyingSubmitButtonColorAfterClick -->
