<?xml version="1.0" encoding="UTF-8"?>
<!-- Generated by org.testng.reporters.JUnitReportReporter -->
<testsuite skipped="0" hostname="Nagarjuna-Y" name="com.test.automation.FMSV12_Japan.dashboard.TC115_VerifyRecentAlertsWindow" tests="1" failures="0" timestamp="25 Nov 2019 10:30:24 GMT" time="70.983" errors="0">
  <testcase name="verifyRecentAlerts_Window" time="70.983" classname="com.test.automation.FMSV12_Japan.dashboard.TC115_VerifyRecentAlertsWindow"/>
</testsuite> <!-- com.test.automation.FMSV12_Japan.dashboard.TC115_VerifyRecentAlertsWindow -->
