<?xml version="1.0" encoding="UTF-8"?>
<!-- Generated by org.testng.reporters.JUnitReportReporter -->
<testsuite skipped="0" hostname="Nagarjuna-Y" name="com.test.automation.FMSV12_Japan.dashboard.TC114_VerfiyCurrentFleet_ToolTipText" tests="1" failures="0" timestamp="20 Jan 2020 06:45:03 GMT" time="70.122" errors="0">
  <testcase name="verifyCureentFleet_ToolTip" time="70.122" classname="com.test.automation.FMSV12_Japan.dashboard.TC114_VerfiyCurrentFleet_ToolTipText"/>
</testsuite> <!-- com.test.automation.FMSV12_Japan.dashboard.TC114_VerfiyCurrentFleet_ToolTipText -->
