<?xml version="1.0" encoding="UTF-8"?>
<!-- Generated by org.testng.reporters.JUnitReportReporter -->
<testsuite skipped="0" hostname="Nagarjuna-Y" name="com.test.automation.FMSV12_Japan.loginpage.TC013_VerfiyForgotPassword" tests="9" failures="0" timestamp="23 Oct 2019 09:29:57 GMT" time="284.768" errors="0">
  <testcase name="verifyForgotPassword" time="0.793" classname="com.test.automation.FMSV12_Japan.loginpage.TC013_VerfiyForgotPassword"/>
  <testcase name="verifyForgotPasswordwith_ValidMailId" time="22.624" classname="com.test.automation.FMSV12_Japan.loginpage.TC013_VerfiyForgotPassword"/>
  <testcase name="verifyForgotPasswordwith_ValidMailId" time="22.189" classname="com.test.automation.FMSV12_Japan.loginpage.TC013_VerfiyForgotPassword"/>
  <testcase name="verifyForgotPasswordwith_InvalidMailId" time="52.399" classname="com.test.automation.FMSV12_Japan.loginpage.TC013_VerfiyForgotPassword"/>
  <testcase name="verifyForgotPasswordwith_ValidMailId" time="182.168" classname="com.test.automation.FMSV12_Japan.loginpage.TC013_VerfiyForgotPassword"/>
  <testcase name="verifyForgotPasswordwith_InvalidMailId" time="0.754" classname="com.test.automation.FMSV12_Japan.loginpage.TC013_VerfiyForgotPassword"/>
  <testcase name="verifyForgotPassword" time="0.844" classname="com.test.automation.FMSV12_Japan.loginpage.TC013_VerfiyForgotPassword"/>
  <testcase name="verifyForgotPassword" time="2.460" classname="com.test.automation.FMSV12_Japan.loginpage.TC013_VerfiyForgotPassword"/>
  <testcase name="verifyForgotPasswordwith_InvalidMailId" time="0.537" classname="com.test.automation.FMSV12_Japan.loginpage.TC013_VerfiyForgotPassword"/>
</testsuite> <!-- com.test.automation.FMSV12_Japan.loginpage.TC013_VerfiyForgotPassword -->
