<?xml version="1.0" encoding="UTF-8"?>
<!-- Generated by org.testng.reporters.JUnitReportReporter -->
<testsuite skipped="0" hostname="Nagarjuna-Y" name="com.test.automation.FMSV12_Japan.loginpage.TC004_VerfiyForgotPassword" tests="6" failures="0" timestamp="19 Nov 2019 10:53:42 GMT" time="52.160" errors="0">
  <testcase name="a_verifyForgotPassword" time="0.749" classname="com.test.automation.FMSV12_Japan.loginpage.TC004_VerfiyForgotPassword"/>
  <testcase name="c_verifyForgotPasswordwith_ValidMailId" time="24.758" classname="com.test.automation.FMSV12_Japan.loginpage.TC004_VerfiyForgotPassword"/>
  <testcase name="b_verifyForgotPasswordwith_InvalidMailId" time="0.703" classname="com.test.automation.FMSV12_Japan.loginpage.TC004_VerfiyForgotPassword"/>
  <testcase name="b_verifyForgotPasswordwith_InvalidMailId" time="0.617" classname="com.test.automation.FMSV12_Japan.loginpage.TC004_VerfiyForgotPassword"/>
  <testcase name="c_verifyForgotPasswordwith_ValidMailId" time="24.520" classname="com.test.automation.FMSV12_Japan.loginpage.TC004_VerfiyForgotPassword"/>
  <testcase name="a_verifyForgotPassword" time="0.813" classname="com.test.automation.FMSV12_Japan.loginpage.TC004_VerfiyForgotPassword"/>
</testsuite> <!-- com.test.automation.FMSV12_Japan.loginpage.TC004_VerfiyForgotPassword -->
