<?xml version="1.0" encoding="UTF-8"?>
<!-- Generated by org.testng.reporters.JUnitReportReporter -->
<testsuite skipped="0" hostname="Nagarjuna-Y" name="com.test.automation.FMSV12_Japan.loginpage.TC001_Verifylogin" tests="6" failures="0" timestamp="22 Oct 2019 08:09:48 GMT" time="90.957" errors="0">
  <testcase name="verifyLogin" time="22.429" classname="com.test.automation.FMSV12_Japan.loginpage.TC001_Verifylogin"/>
  <testcase name="verifyLogin" time="22.136" classname="com.test.automation.FMSV12_Japan.loginpage.TC001_Verifylogin"/>
  <testcase name="verifyLogin" time="22.164" classname="com.test.automation.FMSV12_Japan.loginpage.TC001_Verifylogin"/>
  <testcase name="verifyLogin" time="22.129" classname="com.test.automation.FMSV12_Japan.loginpage.TC001_Verifylogin"/>
  <testcase name="verifyLogin" time="0.933" classname="com.test.automation.FMSV12_Japan.loginpage.TC001_Verifylogin"/>
  <testcase name="verifyLogin" time="1.166" classname="com.test.automation.FMSV12_Japan.loginpage.TC001_Verifylogin"/>
</testsuite> <!-- com.test.automation.FMSV12_Japan.loginpage.TC001_Verifylogin -->
