<?xml version="1.0" encoding="UTF-8"?>
<!-- Generated by org.testng.reporters.JUnitReportReporter -->
<testsuite skipped="0" hostname="Nagarjuna-Y" name="com.test.automation.FMSV12_Japan.vehiclereports.TC201_09_VerifyActivityReport_DynamicTripSummaryReport" tests="1" failures="0" timestamp="13 Dec 2019 11:41:38 GMT" time="214.536" errors="0">
  <testcase name="verifyActivityOption_dynamicTripSummaryReport" time="214.536" classname="com.test.automation.FMSV12_Japan.vehiclereports.TC201_09_VerifyActivityReport_DynamicTripSummaryReport"/>
</testsuite> <!-- com.test.automation.FMSV12_Japan.vehiclereports.TC201_09_VerifyActivityReport_DynamicTripSummaryReport -->
