<?xml version="1.0" encoding="UTF-8"?>
<!-- Generated by org.testng.reporters.JUnitReportReporter -->
<testsuite skipped="0" hostname="Nagarjuna-Y" name="com.test.automation.FMSV12_Japan.dashboard.TC116_VerifyDashboardLastdownloadStatus" tests="1" failures="0" timestamp="21 Nov 2019 09:08:59 GMT" time="68.843" errors="0">
  <testcase name="d_verifyDashboardVehicleStatus" time="68.843" classname="com.test.automation.FMSV12_Japan.dashboard.TC116_VerifyDashboardLastdownloadStatus"/>
</testsuite> <!-- com.test.automation.FMSV12_Japan.dashboard.TC116_VerifyDashboardLastdownloadStatus -->
