<?xml version="1.0" encoding="UTF-8"?>
<!-- Generated by org.testng.reporters.JUnitReportReporter -->
<testsuite skipped="0" hostname="Nagarjuna-Y" name="com.test.automation.FMSV12_Japan.loginpage.TC003_VerfyingSubmitButtonColorCode" tests="6" failures="0" timestamp="04 Dec 2019 12:29:16 GMT" time="2.205" errors="0">
  <testcase name="b_verifySubmitButtonColor_BeforeClick" time="0.385" classname="com.test.automation.FMSV12_Japan.loginpage.TC003_VerfyingSubmitButtonColorCode"/>
  <testcase name="b_verifySubmitButtonColor_BeforeClick" time="0.199" classname="com.test.automation.FMSV12_Japan.loginpage.TC003_VerfyingSubmitButtonColorCode"/>
  <testcase name="a_VerifyRememberMe_CheckBox" time="0.472" classname="com.test.automation.FMSV12_Japan.loginpage.TC003_VerfyingSubmitButtonColorCode"/>
  <testcase name="b_verifySubmitButtonColor_BeforeClick" time="0.167" classname="com.test.automation.FMSV12_Japan.loginpage.TC003_VerfyingSubmitButtonColorCode"/>
  <testcase name="a_VerifyRememberMe_CheckBox" time="0.419" classname="com.test.automation.FMSV12_Japan.loginpage.TC003_VerfyingSubmitButtonColorCode"/>
  <testcase name="a_VerifyRememberMe_CheckBox" time="0.563" classname="com.test.automation.FMSV12_Japan.loginpage.TC003_VerfyingSubmitButtonColorCode"/>
</testsuite> <!-- com.test.automation.FMSV12_Japan.loginpage.TC003_VerfyingSubmitButtonColorCode -->
