<?xml version="1.0" encoding="UTF-8"?>
<!-- Generated by org.testng.reporters.JUnitReportReporter -->
<testsuite skipped="0" hostname="Nagarjuna-Y" name="com.test.automation.FMSV12_Japan.dashboard.TC105_VerifyingDashboardLogo" tests="3" failures="0" timestamp="04 Dec 2019 12:29:16 GMT" time="206.617" errors="0">
  <testcase name="verifyDashboardLogo" time="66.728" classname="com.test.automation.FMSV12_Japan.dashboard.TC105_VerifyingDashboardLogo"/>
  <testcase name="verifyDashboardLogo" time="68.219" classname="com.test.automation.FMSV12_Japan.dashboard.TC105_VerifyingDashboardLogo"/>
  <testcase name="verifyDashboardLogo" time="71.670" classname="com.test.automation.FMSV12_Japan.dashboard.TC105_VerifyingDashboardLogo"/>
</testsuite> <!-- com.test.automation.FMSV12_Japan.dashboard.TC105_VerifyingDashboardLogo -->
