<?xml version="1.0" encoding="UTF-8"?>
<!-- Generated by org.testng.reporters.JUnitReportReporter -->
<testsuite skipped="0" hostname="Nagarjuna-Y" name="com.test.automation.FMSV12_Japan.dashboard.TC114_VerfiyCurrentFleet_ToolTipText" tests="1" failures="0" timestamp="25 Nov 2019 10:30:24 GMT" time="71.694" errors="0">
  <testcase name="verifyCureentFleet_ToolTip" time="71.694" classname="com.test.automation.FMSV12_Japan.dashboard.TC114_VerfiyCurrentFleet_ToolTipText"/>
</testsuite> <!-- com.test.automation.FMSV12_Japan.dashboard.TC114_VerfiyCurrentFleet_ToolTipText -->
