<?xml version="1.0" encoding="UTF-8"?>
<!-- Generated by org.testng.reporters.JUnitReportReporter -->
<testsuite skipped="0" hostname="Nagarjuna-Y" name="com.test.automation.FMSV12_Japan.dashboard.TC104_Verify_UserProfileMenu" tests="1" failures="0" timestamp="20 Jan 2020 06:45:03 GMT" time="66.908" errors="0">
  <testcase name="userProfile" time="66.908" classname="com.test.automation.FMSV12_Japan.dashboard.TC104_Verify_UserProfileMenu"/>
</testsuite> <!-- com.test.automation.FMSV12_Japan.dashboard.TC104_Verify_UserProfileMenu -->
