<?xml version="1.0" encoding="UTF-8"?>
<!-- Generated by org.testng.reporters.JUnitReportReporter -->
<testsuite skipped="0" hostname="Nagarjuna-Y" name="com.test.automation.FMSV12_Japan.dashboard.TC110_VerifyStateOfVehicle_Idle" tests="1" failures="0" timestamp="20 Jan 2020 06:45:03 GMT" time="250.571" errors="0">
  <testcase name="idleState" time="250.571" classname="com.test.automation.FMSV12_Japan.dashboard.TC110_VerifyStateOfVehicle_Idle"/>
</testsuite> <!-- com.test.automation.FMSV12_Japan.dashboard.TC110_VerifyStateOfVehicle_Idle -->
