<?xml version="1.0" encoding="UTF-8"?>
<!-- Generated by org.testng.reporters.JUnitReportReporter -->
<testsuite skipped="0" hostname="Nagarjuna-Y" name="com.test.automation.FMSV12_Japan.loginpage.TC013_VerfiyForgotPassword" tests="3" failures="0" timestamp="06 Nov 2019 12:03:04 GMT" time="25.682" errors="0">
  <testcase name="verifyForgotPasswordwith_ValidMailId" time="24.371" classname="com.test.automation.FMSV12_Japan.loginpage.TC013_VerfiyForgotPassword"/>
  <testcase name="verifyForgotPasswordwith_InvalidMailId" time="0.655" classname="com.test.automation.FMSV12_Japan.loginpage.TC013_VerfiyForgotPassword"/>
  <testcase name="verifyForgotPassword" time="0.656" classname="com.test.automation.FMSV12_Japan.loginpage.TC013_VerfiyForgotPassword"/>
</testsuite> <!-- com.test.automation.FMSV12_Japan.loginpage.TC013_VerfiyForgotPassword -->
