<?xml version="1.0" encoding="UTF-8"?>
<!-- Generated by org.testng.reporters.JUnitReportReporter -->
<testsuite skipped="0" hostname="Nagarjuna-Y" name="com.test.automation.FMSV12_Japan.vehiclereports.TC204_VerifyTotalDistanceReport" tests="1" failures="0" timestamp="21 Jan 2020 05:03:30 GMT" time="200.029" errors="0">
  <testcase name="verifyTotaldistanceOption" time="200.029" classname="com.test.automation.FMSV12_Japan.vehiclereports.TC204_VerifyTotalDistanceReport"/>
</testsuite> <!-- com.test.automation.FMSV12_Japan.vehiclereports.TC204_VerifyTotalDistanceReport -->
