<?xml version="1.0" encoding="UTF-8"?>
<!-- Generated by org.testng.reporters.JUnitReportReporter -->
<testsuite skipped="0" hostname="Nagarjuna-Y" name="com.test.automation.FMSV12_Japan.loginpage.TC004_VerfiyForgotPassword" tests="9" failures="0" timestamp="14 Nov 2019 09:40:21 GMT" time="65.885" errors="0">
  <testcase name="verifyForgotPassword" time="0.650" classname="com.test.automation.FMSV12_Japan.loginpage.TC004_VerfiyForgotPassword"/>
  <testcase name="verifyForgotPasswordwith_InvalidMailId" time="0.554" classname="com.test.automation.FMSV12_Japan.loginpage.TC004_VerfiyForgotPassword"/>
  <testcase name="verifyForgotPasswordwith_ValidMailId" time="11.155" classname="com.test.automation.FMSV12_Japan.loginpage.TC004_VerfiyForgotPassword"/>
  <testcase name="verifyForgotPasswordwith_InvalidMailId" time="1.337" classname="com.test.automation.FMSV12_Japan.loginpage.TC004_VerfiyForgotPassword"/>
  <testcase name="verifyForgotPasswordwith_InvalidMailId" time="0.682" classname="com.test.automation.FMSV12_Japan.loginpage.TC004_VerfiyForgotPassword"/>
  <testcase name="verifyForgotPassword" time="1.409" classname="com.test.automation.FMSV12_Japan.loginpage.TC004_VerfiyForgotPassword"/>
  <testcase name="verifyForgotPassword" time="0.752" classname="com.test.automation.FMSV12_Japan.loginpage.TC004_VerfiyForgotPassword"/>
  <testcase name="verifyForgotPasswordwith_ValidMailId" time="24.125" classname="com.test.automation.FMSV12_Japan.loginpage.TC004_VerfiyForgotPassword"/>
  <testcase name="verifyForgotPasswordwith_ValidMailId" time="25.221" classname="com.test.automation.FMSV12_Japan.loginpage.TC004_VerfiyForgotPassword"/>
</testsuite> <!-- com.test.automation.FMSV12_Japan.loginpage.TC004_VerfiyForgotPassword -->
