<?xml version="1.0" encoding="UTF-8"?>
<!-- Generated by org.testng.reporters.JUnitReportReporter -->
<testsuite skipped="0" hostname="Nagarjuna-Y" name="com.test.automation.FMSV12_Japan.vehiclereports.TC010_TotalDistance" tests="1" failures="0" timestamp="03 Oct 2019 10:38:54 GMT" time="251.486" errors="0">
  <testcase name="TotaldistanceOption" time="251.486" classname="com.test.automation.FMSV12_Japan.vehiclereports.TC010_TotalDistance"/>
</testsuite> <!-- com.test.automation.FMSV12_Japan.vehiclereports.TC010_TotalDistance -->
