<?xml version="1.0" encoding="UTF-8"?>
<!-- Generated by org.testng.reporters.JUnitReportReporter -->
<testsuite skipped="0" hostname="Nagarjuna-Y" name="com.test.automation.FMSV12_Japan.loginpage.TC005_VerifyingSubmitButtonColorAfterClick" tests="2" failures="0" timestamp="19 Nov 2019 10:53:42 GMT" time="1.498" errors="0">
  <testcase name="verifySubmitButtonColor_AfterClick" time="0.752" classname="com.test.automation.FMSV12_Japan.loginpage.TC005_VerifyingSubmitButtonColorAfterClick"/>
  <testcase name="verifySubmitButtonColor_AfterClick" time="0.746" classname="com.test.automation.FMSV12_Japan.loginpage.TC005_VerifyingSubmitButtonColorAfterClick"/>
</testsuite> <!-- com.test.automation.FMSV12_Japan.loginpage.TC005_VerifyingSubmitButtonColorAfterClick -->
