<?xml version="1.0" encoding="UTF-8"?>
<!-- Generated by org.testng.reporters.JUnitReportReporter -->
<testsuite skipped="0" hostname="Nagarjuna-Y" name="com.test.automation.FMSV12_Japan.trackonmap.TC305_verifyHistoryTrackData" tests="1" failures="0" timestamp="16 Jan 2020 04:51:13 GMT" time="436.828" errors="0">
  <testcase name="verifyHistoryTrackData" time="436.828" classname="com.test.automation.FMSV12_Japan.trackonmap.TC305_verifyHistoryTrackData"/>
</testsuite> <!-- com.test.automation.FMSV12_Japan.trackonmap.TC305_verifyHistoryTrackData -->
