<?xml version="1.0" encoding="UTF-8"?>
<!-- Generated by org.testng.reporters.JUnitReportReporter -->
<testsuite skipped="0" hostname="Nagarjuna-Y" name="com.test.automation.FMSV12_Japan.dashboard.TC107_VerifyingDashboardVehicleStatus" tests="3" failures="0" timestamp="20 Jan 2020 06:45:03 GMT" time="69.127" errors="0">
  <testcase name="b_verifyDashboardMapWindow" time="1.221" classname="com.test.automation.FMSV12_Japan.dashboard.TC107_VerifyingDashboardVehicleStatus"/>
  <testcase name="a_verifyDashboardVehicleStatus" time="66.453" classname="com.test.automation.FMSV12_Japan.dashboard.TC107_VerifyingDashboardVehicleStatus"/>
  <testcase name="b_verifyDashboardLastStatusWindow" time="1.453" classname="com.test.automation.FMSV12_Japan.dashboard.TC107_VerifyingDashboardVehicleStatus"/>
</testsuite> <!-- com.test.automation.FMSV12_Japan.dashboard.TC107_VerifyingDashboardVehicleStatus -->
