<?xml version="1.0" encoding="UTF-8"?>
<!-- Generated by org.testng.reporters.JUnitReportReporter -->
<testsuite skipped="0" hostname="Nagarjuna-Y" name="com.test.automation.FMSV12_Japan.loginpage.TC005_UserProfile_ChangePassword" tests="4" failures="0" timestamp="12 Nov 2019 09:00:54 GMT" time="73.362" errors="0">
  <testcase name="VerifyingChangePasswordValidation_Type1" time="70.829" classname="com.test.automation.FMSV12_Japan.loginpage.TC005_UserProfile_ChangePassword"/>
  <testcase name="VerifyingChangePasswordValidation_Type2" time="0.849" classname="com.test.automation.FMSV12_Japan.loginpage.TC005_UserProfile_ChangePassword"/>
  <testcase name="VerifyingChangePasswordValidation_Type3" time="0.790" classname="com.test.automation.FMSV12_Japan.loginpage.TC005_UserProfile_ChangePassword"/>
  <testcase name="VerifyingChangePasswordValidation_Type4" time="0.894" classname="com.test.automation.FMSV12_Japan.loginpage.TC005_UserProfile_ChangePassword"/>
</testsuite> <!-- com.test.automation.FMSV12_Japan.loginpage.TC005_UserProfile_ChangePassword -->
