<?xml version="1.0" encoding="UTF-8"?>
<!-- Generated by org.testng.reporters.JUnitReportReporter -->
<testsuite skipped="0" hostname="Nagarjuna-Y" name="com.test.automation.FMSV12_Japan.vehiclereports.TC205_VerifyActivityReport_ViolationCount" tests="3" failures="0" timestamp="02 Dec 2019 12:41:07 GMT" time="279.262" errors="0">
  <testcase name="a_ActivityOption" time="263.624" classname="com.test.automation.FMSV12_Japan.vehiclereports.TC205_VerifyActivityReport_ViolationCount"/>
  <testcase name="c_OverSpeedSummary" time="7.890" classname="com.test.automation.FMSV12_Japan.vehiclereports.TC205_VerifyActivityReport_ViolationCount"/>
  <testcase name="b_ViolationCount" time="7.748" classname="com.test.automation.FMSV12_Japan.vehiclereports.TC205_VerifyActivityReport_ViolationCount"/>
</testsuite> <!-- com.test.automation.FMSV12_Japan.vehiclereports.TC205_VerifyActivityReport_ViolationCount -->
