<?xml version="1.0" encoding="UTF-8"?>
<!-- Generated by org.testng.reporters.JUnitReportReporter -->
<testsuite skipped="0" hostname="Nagarjuna-Y" name="com.test.automation.FMSV12_Japan.loginpage.TC015_ChangePassword_InvalidData" tests="1" failures="0" timestamp="07 Nov 2019 12:56:41 GMT" time="71.620" errors="0">
  <testcase name="changePassword_InvalidData" time="71.620" classname="com.test.automation.FMSV12_Japan.loginpage.TC015_ChangePassword_InvalidData"/>
</testsuite> <!-- com.test.automation.FMSV12_Japan.loginpage.TC015_ChangePassword_InvalidData -->
