<?xml version="1.0" encoding="UTF-8"?>
<!-- Generated by org.testng.reporters.JUnitReportReporter -->
<testsuite skipped="0" hostname="Nagarjuna-Y" name="com.test.automation.FMSV12_Japan.vehiclereports.TC207_VerifyActivity_HarshBreakReport" tests="1" failures="0" timestamp="04 Dec 2019 07:18:25 GMT" time="227.322" errors="0">
  <testcase name="ActivityOption_harshBreakReport" time="227.322" classname="com.test.automation.FMSV12_Japan.vehiclereports.TC207_VerifyActivity_HarshBreakReport"/>
</testsuite> <!-- com.test.automation.FMSV12_Japan.vehiclereports.TC207_VerifyActivity_HarshBreakReport -->
