<?xml version="1.0" encoding="UTF-8"?>
<!-- Generated by org.testng.reporters.JUnitReportReporter -->
<testsuite skipped="0" hostname="Nagarjuna-Y" name="com.test.automation.FMSV12_Japan.loginpage.TC011_VerifyLoginPageMeikoLogo" tests="1" failures="0" timestamp="06 Nov 2019 12:03:04 GMT" time="0.395" errors="0">
  <testcase name="verifyMeikoLogo" time="0.395" classname="com.test.automation.FMSV12_Japan.loginpage.TC011_VerifyLoginPageMeikoLogo"/>
</testsuite> <!-- com.test.automation.FMSV12_Japan.loginpage.TC011_VerifyLoginPageMeikoLogo -->
