<?xml version="1.0" encoding="UTF-8"?>
<!-- Generated by org.testng.reporters.JUnitReportReporter -->
<testsuite skipped="0" hostname="Nagarjuna-Y" name="com.test.automation.FMSV12_Japan.dashboard.TC112_VerifyStateOfVehicle_OutOfService" tests="2" failures="0" timestamp="14 Nov 2019 05:51:55 GMT" time="252.876" errors="0">
  <testcase name="outofserviceState" time="252.218" classname="com.test.automation.FMSV12_Japan.dashboard.TC112_VerifyStateOfVehicle_OutOfService"/>
  <testcase name="OutOfServiceVehiclesReport_VerifyRecordsperpageDropdown" time="0.658" classname="com.test.automation.FMSV12_Japan.dashboard.TC112_VerifyStateOfVehicle_OutOfService"/>
</testsuite> <!-- com.test.automation.FMSV12_Japan.dashboard.TC112_VerifyStateOfVehicle_OutOfService -->
