<?xml version="1.0" encoding="UTF-8"?>
<!-- Generated by org.testng.reporters.JUnitReportReporter -->
<testsuite skipped="0" hostname="Nagarjuna-Y" name="com.test.automation.FMSV12_Japan.dashboard.TC102_VerifyUserprofile_ContactUs" tests="2" failures="0" timestamp="19 Nov 2019 10:53:42 GMT" time="140.578" errors="0">
  <testcase name="Verifying_ContactUS_PopWindow" time="71.519" classname="com.test.automation.FMSV12_Japan.dashboard.TC102_VerifyUserprofile_ContactUs"/>
  <testcase name="Verifying_ContactUS_PopWindow" time="69.059" classname="com.test.automation.FMSV12_Japan.dashboard.TC102_VerifyUserprofile_ContactUs"/>
</testsuite> <!-- com.test.automation.FMSV12_Japan.dashboard.TC102_VerifyUserprofile_ContactUs -->
