<?xml version="1.0" encoding="UTF-8"?>
<!-- Generated by org.testng.reporters.JUnitReportReporter -->
<testsuite skipped="0" hostname="Nagarjuna-Y" name="com.test.automation.FMSV12_Japan.dashboard.TC112_VerifyStateOfVehicle_OutOfService" tests="2" failures="0" timestamp="26 Nov 2019 10:18:51 GMT" time="255.773" errors="0">
  <testcase name="b_OutOfServiceVehiclesReport_VerifyRecordsperpageDropdown" time="0.619" classname="com.test.automation.FMSV12_Japan.dashboard.TC112_VerifyStateOfVehicle_OutOfService"/>
  <testcase name="a_outofserviceState" time="255.154" classname="com.test.automation.FMSV12_Japan.dashboard.TC112_VerifyStateOfVehicle_OutOfService"/>
</testsuite> <!-- com.test.automation.FMSV12_Japan.dashboard.TC112_VerifyStateOfVehicle_OutOfService -->
