<?xml version="1.0" encoding="UTF-8"?>
<!-- Generated by org.testng.reporters.JUnitReportReporter -->
<testsuite skipped="0" hostname="Nagarjuna-Y" name="com.test.automation.FMSV12_Japan.loginpage.TC012_VerfyingSubmitButtonColorCode" tests="2" failures="0" timestamp="22 Oct 2019 09:21:47 GMT" time="0.818" errors="0">
  <testcase name="VerifyRememberMe_CheckBox" time="0.446" classname="com.test.automation.FMSV12_Japan.loginpage.TC012_VerfyingSubmitButtonColorCode"/>
  <testcase name="verifySubmitButtonColor_BeforeClick" time="0.372" classname="com.test.automation.FMSV12_Japan.loginpage.TC012_VerfyingSubmitButtonColorCode"/>
</testsuite> <!-- com.test.automation.FMSV12_Japan.loginpage.TC012_VerfyingSubmitButtonColorCode -->
