<?xml version="1.0" encoding="UTF-8"?>
<!-- Generated by org.testng.reporters.JUnitReportReporter -->
<testsuite skipped="0" hostname="Nagarjuna-Y" name="com.test.automation.FMSV12_Japan.vehiclereports.TC201_VerifyActivityReport" tests="2" failures="0" timestamp="04 Dec 2019 07:18:25 GMT" time="218.802" errors="0">
  <testcase name="b_AlertCount" time="8.203" classname="com.test.automation.FMSV12_Japan.vehiclereports.TC201_VerifyActivityReport"/>
  <testcase name="a_ActivityOption" time="210.599" classname="com.test.automation.FMSV12_Japan.vehiclereports.TC201_VerifyActivityReport"/>
</testsuite> <!-- com.test.automation.FMSV12_Japan.vehiclereports.TC201_VerifyActivityReport -->
