<?xml version="1.0" encoding="UTF-8"?>
<!-- Generated by org.testng.reporters.JUnitReportReporter -->
<testsuite skipped="0" hostname="Nagarjuna-Y" name="com.test.automation.FMSV12_Japan.vehiclereports.TC201_02_VerifyActivityReport_ViolationCount" tests="1" failures="0" timestamp="13 Dec 2019 11:41:37 GMT" time="203.302" errors="0">
  <testcase name="verifyActivityOption_violationCount" time="203.302" classname="com.test.automation.FMSV12_Japan.vehiclereports.TC201_02_VerifyActivityReport_ViolationCount"/>
</testsuite> <!-- com.test.automation.FMSV12_Japan.vehiclereports.TC201_02_VerifyActivityReport_ViolationCount -->
