<?xml version="1.0" encoding="UTF-8"?>
<!-- Generated by org.testng.reporters.JUnitReportReporter -->
<testsuite skipped="0" hostname="Nagarjuna-Y" name="com.test.automation.FMSV12_Japan.vehiclereports.TC213_VerifyActivity_WorkandDriveHourReport" tests="1" failures="0" timestamp="05 Dec 2019 12:33:50 GMT" time="200.373" errors="0">
  <testcase name="ActivityOption_workandDriveHourReport" time="200.373" classname="com.test.automation.FMSV12_Japan.vehiclereports.TC213_VerifyActivity_WorkandDriveHourReport"/>
</testsuite> <!-- com.test.automation.FMSV12_Japan.vehiclereports.TC213_VerifyActivity_WorkandDriveHourReport -->
