<?xml version="1.0" encoding="UTF-8"?>
<!-- Generated by org.testng.reporters.JUnitReportReporter -->
<testsuite skipped="0" hostname="Nagarjuna-Y" name="com.test.automation.FMSV12_Japan.dashboard.TC108_VerifyManangementDashboardCheckbox" tests="1" failures="0" timestamp="13 Nov 2019 06:03:43 GMT" time="78.605" errors="0">
  <testcase name="VerifyManangementDashboardCheckbox" time="78.605" classname="com.test.automation.FMSV12_Japan.dashboard.TC108_VerifyManangementDashboardCheckbox"/>
</testsuite> <!-- com.test.automation.FMSV12_Japan.dashboard.TC108_VerifyManangementDashboardCheckbox -->
