<?xml version="1.0" encoding="UTF-8"?>
<!-- Generated by org.testng.reporters.JUnitReportReporter -->
<testsuite skipped="0" hostname="Nagarjuna-Y" name="com.test.automation.FMSV12_Japan.loginpage.TC003_VerfyingSubmitButtonColorCode" tests="2" failures="0" timestamp="12 Nov 2019 12:28:51 GMT" time="0.839" errors="0">
  <testcase name="VerifyRememberMe_CheckBox" time="0.451" classname="com.test.automation.FMSV12_Japan.loginpage.TC003_VerfyingSubmitButtonColorCode"/>
  <testcase name="verifySubmitButtonColor_BeforeClick" time="0.388" classname="com.test.automation.FMSV12_Japan.loginpage.TC003_VerfyingSubmitButtonColorCode"/>
</testsuite> <!-- com.test.automation.FMSV12_Japan.loginpage.TC003_VerfyingSubmitButtonColorCode -->
