<?xml version="1.0" encoding="UTF-8"?>
<!-- Generated by org.testng.reporters.JUnitReportReporter -->
<testsuite skipped="0" hostname="Nagarjuna-Y" name="com.test.automation.FMSV12_Japan.trackonmap.TC301_VerifyTrackOnMap_VehicleStatus" tests="2" failures="0" timestamp="16 Dec 2019 09:00:07 GMT" time="75.940" errors="0">
  <testcase name="verifyTrackOnMapVehicleStatus" time="75.369" classname="com.test.automation.FMSV12_Japan.trackonmap.TC301_VerifyTrackOnMap_VehicleStatus"/>
  <testcase name="liveVehicleWindow" time="0.571" classname="com.test.automation.FMSV12_Japan.trackonmap.TC301_VerifyTrackOnMap_VehicleStatus"/>
</testsuite> <!-- com.test.automation.FMSV12_Japan.trackonmap.TC301_VerifyTrackOnMap_VehicleStatus -->
