<?xml version="1.0" encoding="UTF-8"?>
<!-- Generated by org.testng.reporters.JUnitReportReporter -->
<testsuite skipped="0" hostname="Nagarjuna-Y" name="com.test.automation.FMSV12_Japan.dashboard.TC102_VerifyUserprofile_ContactUs" tests="1" failures="0" timestamp="25 Nov 2019 10:30:25 GMT" time="71.419" errors="0">
  <testcase name="Verifying_ContactUS_PopWindow" time="71.419" classname="com.test.automation.FMSV12_Japan.dashboard.TC102_VerifyUserprofile_ContactUs"/>
</testsuite> <!-- com.test.automation.FMSV12_Japan.dashboard.TC102_VerifyUserprofile_ContactUs -->
