<?xml version="1.0" encoding="UTF-8"?>
<!-- Generated by org.testng.reporters.JUnitReportReporter -->
<testsuite skipped="0" hostname="Nagarjuna-Y" name="com.test.automation.FMSV12_Japan.dashboard.TC106_VerifyManangementDashboardCheckbox" tests="3" failures="0" timestamp="04 Dec 2019 12:29:16 GMT" time="215.311" errors="0">
  <testcase name="VerifyManangementDashboardCheckbox" time="72.525" classname="com.test.automation.FMSV12_Japan.dashboard.TC106_VerifyManangementDashboardCheckbox"/>
  <testcase name="VerifyManangementDashboardCheckbox" time="67.107" classname="com.test.automation.FMSV12_Japan.dashboard.TC106_VerifyManangementDashboardCheckbox"/>
  <testcase name="VerifyManangementDashboardCheckbox" time="75.679" classname="com.test.automation.FMSV12_Japan.dashboard.TC106_VerifyManangementDashboardCheckbox"/>
</testsuite> <!-- com.test.automation.FMSV12_Japan.dashboard.TC106_VerifyManangementDashboardCheckbox -->
