<?xml version="1.0" encoding="UTF-8"?>
<!-- Generated by org.testng.reporters.JUnitReportReporter -->
<testsuite skipped="0" hostname="Nagarjuna-Y" name="com.test.automation.FMSV12_Japan.vehiclereports.TC210_VerifyActivity_UnauthorizedRoadReport" tests="1" failures="0" timestamp="05 Dec 2019 12:33:50 GMT" time="201.298" errors="0">
  <testcase name="ActivityOption_unauthorizedRoadReport" time="201.298" classname="com.test.automation.FMSV12_Japan.vehiclereports.TC210_VerifyActivity_UnauthorizedRoadReport"/>
</testsuite> <!-- com.test.automation.FMSV12_Japan.vehiclereports.TC210_VerifyActivity_UnauthorizedRoadReport -->
