<?xml version="1.0" encoding="UTF-8"?>
<!-- Generated by org.testng.reporters.JUnitReportReporter -->
<testsuite skipped="0" hostname="Nagarjuna-Y" name="com.test.automation.FMSV12_Japan.vehiclereports.TC215_VerifyVideoStatus" tests="1" failures="0" timestamp="10 Dec 2019 07:45:54 GMT" time="198.614" errors="0">
  <testcase name="videoStatusOption" time="198.614" classname="com.test.automation.FMSV12_Japan.vehiclereports.TC215_VerifyVideoStatus"/>
</testsuite> <!-- com.test.automation.FMSV12_Japan.vehiclereports.TC215_VerifyVideoStatus -->
