<?xml version="1.0" encoding="UTF-8"?>
<!-- Generated by org.testng.reporters.JUnitReportReporter -->
<testsuite skipped="0" hostname="Nagarjuna-Y" name="com.test.automation.FMSV12_Japan.loginpage.TC002_VerifyLoginPageMeikoLogo" tests="1" failures="0" timestamp="17 Jan 2020 05:20:10 GMT" time="0.441" errors="0">
  <testcase name="verifyMeikoLogo" time="0.441" classname="com.test.automation.FMSV12_Japan.loginpage.TC002_VerifyLoginPageMeikoLogo"/>
</testsuite> <!-- com.test.automation.FMSV12_Japan.loginpage.TC002_VerifyLoginPageMeikoLogo -->
