<?xml version="1.0" encoding="UTF-8"?>
<!-- Generated by org.testng.reporters.JUnitReportReporter -->
<testsuite skipped="0" hostname="Nagarjuna-Y" name="com.test.automation.FMSV12_Japan.loginpage.TC002_VerifyLoginPageMeikoLogo" tests="2" failures="0" timestamp="19 Nov 2019 10:53:42 GMT" time="0.580" errors="0">
  <testcase name="verifyMeikoLogo" time="0.172" classname="com.test.automation.FMSV12_Japan.loginpage.TC002_VerifyLoginPageMeikoLogo"/>
  <testcase name="verifyMeikoLogo" time="0.408" classname="com.test.automation.FMSV12_Japan.loginpage.TC002_VerifyLoginPageMeikoLogo"/>
</testsuite> <!-- com.test.automation.FMSV12_Japan.loginpage.TC002_VerifyLoginPageMeikoLogo -->
