<?xml version="1.0" encoding="UTF-8"?>
<!-- Generated by org.testng.reporters.JUnitReportReporter -->
<testsuite skipped="0" hostname="Nagarjuna-Y" name="com.test.automation.FMSV12_Japan.trackonmap.TC302_VerifyTrackOnMap_AlertStatus" tests="1" failures="0" timestamp="16 Dec 2019 09:00:07 GMT" time="78.748" errors="0">
  <testcase name="verifyTrackOnMapAlertStatus" time="78.748" classname="com.test.automation.FMSV12_Japan.trackonmap.TC302_VerifyTrackOnMap_AlertStatus"/>
</testsuite> <!-- com.test.automation.FMSV12_Japan.trackonmap.TC302_VerifyTrackOnMap_AlertStatus -->
