<?xml version="1.0" encoding="UTF-8"?>
<!-- Generated by org.testng.reporters.JUnitReportReporter -->
<testsuite skipped="0" hostname="Nagarjuna-Y" name="com.test.automation.FMSV12_Japan.dashboard.TC107_VerifyingDashboardVehicleStatus" tests="3" failures="0" timestamp="20 Nov 2019 11:25:09 GMT" time="71.682" errors="0">
  <testcase name="b_verifyDashboardLastStatusWindow" time="1.522" classname="com.test.automation.FMSV12_Japan.dashboard.TC107_VerifyingDashboardVehicleStatus"/>
  <testcase name="a_verifyDashboardVehicleStatus" time="69.672" classname="com.test.automation.FMSV12_Japan.dashboard.TC107_VerifyingDashboardVehicleStatus"/>
  <testcase name="c_verifyDashboardMapWindow" time="0.488" classname="com.test.automation.FMSV12_Japan.dashboard.TC107_VerifyingDashboardVehicleStatus"/>
</testsuite> <!-- com.test.automation.FMSV12_Japan.dashboard.TC107_VerifyingDashboardVehicleStatus -->
