<?xml version="1.0" encoding="UTF-8"?>
<!-- Generated by org.testng.reporters.JUnitReportReporter -->
<testsuite skipped="0" hostname="Nagarjuna-Y" name="com.test.automation.FMSV12_Japan.loginpage.TC015_UserProfile_Help" tests="1" failures="0" timestamp="12 Nov 2019 04:49:19 GMT" time="71.831" errors="0">
  <testcase name="Verifying_Help_PopWindow" time="71.831" classname="com.test.automation.FMSV12_Japan.loginpage.TC015_UserProfile_Help"/>
</testsuite> <!-- com.test.automation.FMSV12_Japan.loginpage.TC015_UserProfile_Help -->
