<?xml version="1.0" encoding="UTF-8"?>
<!-- Generated by org.testng.reporters.JUnitReportReporter -->
<testsuite skipped="0" hostname="Nagarjuna-Y" name="com.test.automation.FMSV12_Japan.loginpage.TC012_VerfyingSubmitButtonColorCode" tests="2" failures="0" timestamp="06 Nov 2019 12:03:04 GMT" time="0.783" errors="0">
  <testcase name="VerifyRememberMe_CheckBox" time="0.411" classname="com.test.automation.FMSV12_Japan.loginpage.TC012_VerfyingSubmitButtonColorCode"/>
  <testcase name="verifySubmitButtonColor_BeforeClick" time="0.372" classname="com.test.automation.FMSV12_Japan.loginpage.TC012_VerfyingSubmitButtonColorCode"/>
</testsuite> <!-- com.test.automation.FMSV12_Japan.loginpage.TC012_VerfyingSubmitButtonColorCode -->
