<?xml version="1.0" encoding="UTF-8"?>
<!-- Generated by org.testng.reporters.JUnitReportReporter -->
<testsuite skipped="0" hostname="Nagarjuna-Y" name="com.test.automation.FMSV12_Japan.vehiclereports.TC202_VerifyActivitySummaryReport" tests="1" failures="0" timestamp="29 Nov 2019 11:54:47 GMT" time="258.904" errors="0">
  <testcase name="ActivitySummaryOption" time="258.904" classname="com.test.automation.FMSV12_Japan.vehiclereports.TC202_VerifyActivitySummaryReport"/>
</testsuite> <!-- com.test.automation.FMSV12_Japan.vehiclereports.TC202_VerifyActivitySummaryReport -->
