<?xml version="1.0" encoding="UTF-8"?>
<!-- Generated by org.testng.reporters.JUnitReportReporter -->
<testsuite skipped="0" hostname="Nagarjuna-Y" name="com.test.automation.FMSV12_Japan.dashboard.TC114_VerfiyCurrentFleet_ToolTipText" tests="1" failures="0" timestamp="18 Nov 2019 07:31:45 GMT" time="68.487" errors="0">
  <testcase name="verifyCureentFleet_ToolTip" time="68.487" classname="com.test.automation.FMSV12_Japan.dashboard.TC114_VerfiyCurrentFleet_ToolTipText"/>
</testsuite> <!-- com.test.automation.FMSV12_Japan.dashboard.TC114_VerfiyCurrentFleet_ToolTipText -->
