<?xml version="1.0" encoding="UTF-8"?>
<!-- Generated by org.testng.reporters.JUnitReportReporter -->
<testsuite skipped="0" hostname="Nagarjuna-Y" name="com.test.automation.FMSV12_Japan.dashboard.TC111_VerifyStateOfVehicle_Inactive" tests="1" failures="0" timestamp="26 Nov 2019 10:18:51 GMT" time="291.741" errors="0">
  <testcase name="VerifyinactiveState" time="291.741" classname="com.test.automation.FMSV12_Japan.dashboard.TC111_VerifyStateOfVehicle_Inactive"/>
</testsuite> <!-- com.test.automation.FMSV12_Japan.dashboard.TC111_VerifyStateOfVehicle_Inactive -->
