<?xml version="1.0" encoding="UTF-8"?>
<!-- Generated by org.testng.reporters.JUnitReportReporter -->
<testsuite skipped="0" hostname="Nagarjuna-Y" name="com.test.automation.FMSV12_Japan.loginpage.TC013_VerfiyForgotPassword" tests="3" failures="0" timestamp="22 Oct 2019 09:21:47 GMT" time="24.029" errors="0">
  <testcase name="verifyForgotPassword" time="0.733" classname="com.test.automation.FMSV12_Japan.loginpage.TC013_VerfiyForgotPassword"/>
  <testcase name="verifyForgotPasswordwith_ValidMailId" time="22.610" classname="com.test.automation.FMSV12_Japan.loginpage.TC013_VerfiyForgotPassword"/>
  <testcase name="verifyForgotPasswordwith_InvalidMailId" time="0.686" classname="com.test.automation.FMSV12_Japan.loginpage.TC013_VerfiyForgotPassword"/>
</testsuite> <!-- com.test.automation.FMSV12_Japan.loginpage.TC013_VerfiyForgotPassword -->
