<?xml version="1.0" encoding="UTF-8"?>
<!-- Generated by org.testng.reporters.JUnitReportReporter -->
<testsuite skipped="0" hostname="Nagarjuna-Y" name="com.test.automation.FMSV12_Japan.dashboard.TC109_VerifyStateOfVehicle_Stopped" tests="2" failures="0" timestamp="20 Jan 2020 06:45:03 GMT" time="252.382" errors="0">
  <testcase name="stoppedState" time="251.803" classname="com.test.automation.FMSV12_Japan.dashboard.TC109_VerifyStateOfVehicle_Stopped"/>
  <testcase name="stoppedVehiclesReport_VerifyRecordsperpageDropdown" time="0.579" classname="com.test.automation.FMSV12_Japan.dashboard.TC109_VerifyStateOfVehicle_Stopped"/>
</testsuite> <!-- com.test.automation.FMSV12_Japan.dashboard.TC109_VerifyStateOfVehicle_Stopped -->
