<?xml version="1.0" encoding="UTF-8"?>
<!-- Generated by org.testng.reporters.JUnitReportReporter -->
<testsuite skipped="0" hostname="Nagarjuna-Y" name="com.test.automation.FMSV12_Japan.dashboard.TC002_MasterOption" tests="1" failures="0" timestamp="06 Aug 2019 11:30:26 GMT" time="69.903" errors="0">
  <testcase name="masterOption" time="69.903" classname="com.test.automation.FMSV12_Japan.dashboard.TC002_MasterOption"/>
</testsuite> <!-- com.test.automation.FMSV12_Japan.dashboard.TC002_MasterOption -->
