<?xml version="1.0" encoding="UTF-8"?>
<!-- Generated by org.testng.reporters.JUnitReportReporter -->
<testsuite skipped="0" hostname="Nagarjuna-Y" name="com.test.automation.FMSV12_Japan.loginpage.TC012_VerfyingSubmitButtonColorCode" tests="6" failures="0" timestamp="23 Oct 2019 09:29:57 GMT" time="2.534" errors="0">
  <testcase name="VerifyRememberMe_CheckBox" time="0.411" classname="com.test.automation.FMSV12_Japan.loginpage.TC012_VerfyingSubmitButtonColorCode"/>
  <testcase name="verifySubmitButtonColor_BeforeClick" time="0.261" classname="com.test.automation.FMSV12_Japan.loginpage.TC012_VerfyingSubmitButtonColorCode"/>
  <testcase name="verifySubmitButtonColor_BeforeClick" time="0.386" classname="com.test.automation.FMSV12_Japan.loginpage.TC012_VerfyingSubmitButtonColorCode"/>
  <testcase name="verifySubmitButtonColor_BeforeClick" time="0.162" classname="com.test.automation.FMSV12_Japan.loginpage.TC012_VerfyingSubmitButtonColorCode"/>
  <testcase name="VerifyRememberMe_CheckBox" time="0.451" classname="com.test.automation.FMSV12_Japan.loginpage.TC012_VerfyingSubmitButtonColorCode"/>
  <testcase name="VerifyRememberMe_CheckBox" time="0.863" classname="com.test.automation.FMSV12_Japan.loginpage.TC012_VerfyingSubmitButtonColorCode"/>
</testsuite> <!-- com.test.automation.FMSV12_Japan.loginpage.TC012_VerfyingSubmitButtonColorCode -->
