<?xml version="1.0" encoding="UTF-8"?>
<!-- Generated by org.testng.reporters.JUnitReportReporter -->
<testsuite skipped="0" hostname="Nagarjuna-Y" name="com.test.automation.FMSV12_Japan.loginpage.TC004_VerfiyForgotPassword" tests="3" failures="0" timestamp="12 Nov 2019 12:28:51 GMT" time="25.641" errors="0">
  <testcase name="verifyForgotPassword" time="0.720" classname="com.test.automation.FMSV12_Japan.loginpage.TC004_VerfiyForgotPassword"/>
  <testcase name="verifyForgotPasswordwith_InvalidMailId" time="0.640" classname="com.test.automation.FMSV12_Japan.loginpage.TC004_VerfiyForgotPassword"/>
  <testcase name="verifyForgotPasswordwith_ValidMailId" time="24.281" classname="com.test.automation.FMSV12_Japan.loginpage.TC004_VerfiyForgotPassword"/>
</testsuite> <!-- com.test.automation.FMSV12_Japan.loginpage.TC004_VerfiyForgotPassword -->
