<?xml version="1.0" encoding="UTF-8"?>
<!-- Generated by org.testng.reporters.JUnitReportReporter -->
<testsuite skipped="0" hostname="Nagarjuna-Y" name="com.test.automation.FMSV12_Japan.dashboard.TC106_VerifyManangementDashboardCheckbox" tests="2" failures="0" timestamp="19 Nov 2019 10:53:42 GMT" time="137.535" errors="0">
  <testcase name="VerifyManangementDashboardCheckbox" time="68.657" classname="com.test.automation.FMSV12_Japan.dashboard.TC106_VerifyManangementDashboardCheckbox"/>
  <testcase name="VerifyManangementDashboardCheckbox" time="68.878" classname="com.test.automation.FMSV12_Japan.dashboard.TC106_VerifyManangementDashboardCheckbox"/>
</testsuite> <!-- com.test.automation.FMSV12_Japan.dashboard.TC106_VerifyManangementDashboardCheckbox -->
