<?xml version="1.0" encoding="UTF-8"?>
<!-- Generated by org.testng.reporters.JUnitReportReporter -->
<testsuite skipped="0" hostname="Nagarjuna-Y" name="com.test.automation.FMSV12_Japan.trackonmap.TC303_VerifyTrackOnMap" tests="5" failures="0" timestamp="16 Jan 2020 05:15:29 GMT" time="582.095" errors="0">
  <testcase name="verifyTrackOnMapAlertStatus" time="90.036" classname="com.test.automation.FMSV12_Japan.trackonmap.TC303_VerifyTrackOnMap"/>
  <testcase name="verifyVehicleStatus_Moving" time="121.740" classname="com.test.automation.FMSV12_Japan.trackonmap.TC303_VerifyTrackOnMap"/>
  <testcase name="verifyAllDropdowns" time="363.636" classname="com.test.automation.FMSV12_Japan.trackonmap.TC303_VerifyTrackOnMap"/>
  <testcase name="verifyFromDate" time="1.875" classname="com.test.automation.FMSV12_Japan.trackonmap.TC303_VerifyTrackOnMap"/>
  <testcase name="verifyTrackHistoryOnMap" time="4.808" classname="com.test.automation.FMSV12_Japan.trackonmap.TC303_VerifyTrackOnMap"/>
</testsuite> <!-- com.test.automation.FMSV12_Japan.trackonmap.TC303_VerifyTrackOnMap -->
