<?xml version="1.0" encoding="UTF-8"?>
<!-- Generated by org.testng.reporters.JUnitReportReporter -->
<testsuite skipped="0" hostname="Nagarjuna-Y" name="com.test.automation.FMSV12_Japan.dashboard.TC108_VerifyingStateOfVehicle_Moving" tests="2" failures="0" timestamp="26 Nov 2019 10:18:51 GMT" time="254.971" errors="0">
  <testcase name="a_movingState" time="254.333" classname="com.test.automation.FMSV12_Japan.dashboard.TC108_VerifyingStateOfVehicle_Moving"/>
  <testcase name="b_MovingVehiclesReport_VerifyRecordsperpageDropdown" time="0.638" classname="com.test.automation.FMSV12_Japan.dashboard.TC108_VerifyingStateOfVehicle_Moving"/>
</testsuite> <!-- com.test.automation.FMSV12_Japan.dashboard.TC108_VerifyingStateOfVehicle_Moving -->
