<?xml version="1.0" encoding="UTF-8"?>
<!-- Generated by org.testng.reporters.JUnitReportReporter -->
<testsuite skipped="0" hostname="Nagarjuna-Y" name="com.test.automation.FMSV12_Japan.dashboard.TC105_VerifyingDashboardLogo" tests="2" failures="0" timestamp="19 Nov 2019 10:53:42 GMT" time="141.308" errors="0">
  <testcase name="verifyDashboardLogo" time="68.705" classname="com.test.automation.FMSV12_Japan.dashboard.TC105_VerifyingDashboardLogo"/>
  <testcase name="verifyDashboardLogo" time="72.603" classname="com.test.automation.FMSV12_Japan.dashboard.TC105_VerifyingDashboardLogo"/>
</testsuite> <!-- com.test.automation.FMSV12_Japan.dashboard.TC105_VerifyingDashboardLogo -->
