<?xml version="1.0" encoding="UTF-8"?>
<!-- Generated by org.testng.reporters.JUnitReportReporter -->
<testsuite skipped="0" hostname="Nagarjuna-Y" name="com.test.automation.FMSV12_Japan.loginpage.TC001_Verifylogin" tests="8" failures="0" timestamp="17 Jan 2020 05:20:10 GMT" time="137.736" errors="0">
  <testcase name="verifyLogin" time="22.394" classname="com.test.automation.FMSV12_Japan.loginpage.TC001_Verifylogin"/>
  <testcase name="verifyLogin" time="22.643" classname="com.test.automation.FMSV12_Japan.loginpage.TC001_Verifylogin"/>
  <testcase name="verifyLogin" time="0.784" classname="com.test.automation.FMSV12_Japan.loginpage.TC001_Verifylogin"/>
  <testcase name="verifyLogin" time="22.416" classname="com.test.automation.FMSV12_Japan.loginpage.TC001_Verifylogin"/>
  <testcase name="verifyLogin" time="22.530" classname="com.test.automation.FMSV12_Japan.loginpage.TC001_Verifylogin"/>
  <testcase name="verifyLogin" time="1.080" classname="com.test.automation.FMSV12_Japan.loginpage.TC001_Verifylogin"/>
  <testcase name="verifyLogin" time="22.527" classname="com.test.automation.FMSV12_Japan.loginpage.TC001_Verifylogin"/>
  <testcase name="verifyLogin" time="23.362" classname="com.test.automation.FMSV12_Japan.loginpage.TC001_Verifylogin"/>
</testsuite> <!-- com.test.automation.FMSV12_Japan.loginpage.TC001_Verifylogin -->
