<?xml version="1.0" encoding="UTF-8"?>
<!-- Generated by org.testng.reporters.JUnitReportReporter -->
<testsuite skipped="0" hostname="Nagarjuna-Y" name="com.test.automation.FMSV12_Japan.dashboard.TC112_VerifyStateOfVehicle_OutOfService" tests="2" failures="0" timestamp="20 Jan 2020 06:45:03 GMT" time="256.684" errors="0">
  <testcase name="a_outofserviceState" time="256.117" classname="com.test.automation.FMSV12_Japan.dashboard.TC112_VerifyStateOfVehicle_OutOfService"/>
  <testcase name="b_OutOfServiceVehiclesReport_VerifyRecordsperpageDropdown" time="0.567" classname="com.test.automation.FMSV12_Japan.dashboard.TC112_VerifyStateOfVehicle_OutOfService"/>
</testsuite> <!-- com.test.automation.FMSV12_Japan.dashboard.TC112_VerifyStateOfVehicle_OutOfService -->
