<?xml version="1.0" encoding="UTF-8"?>
<!-- Generated by org.testng.reporters.JUnitReportReporter -->
<testsuite skipped="0" hostname="Nagarjuna-Y" name="com.test.automation.FMSV12_Japan.vehiclereports.TC206_VerifyActivity_OverSpeedSummaryReport" tests="1" failures="0" timestamp="04 Dec 2019 07:18:25 GMT" time="207.893" errors="0">
  <testcase name="ActivityOption_overSpeedSummaryReport" time="207.893" classname="com.test.automation.FMSV12_Japan.vehiclereports.TC206_VerifyActivity_OverSpeedSummaryReport"/>
</testsuite> <!-- com.test.automation.FMSV12_Japan.vehiclereports.TC206_VerifyActivity_OverSpeedSummaryReport -->
