<?xml version="1.0" encoding="UTF-8"?>
<!-- Generated by org.testng.reporters.JUnitReportReporter -->
<testsuite skipped="0" hostname="Nagarjuna-Y" name="com.test.automation.FMSV12_Japan.vehiclereports.TC212_VerifyActivity_DynamicTripSummaryReport" tests="1" failures="0" timestamp="05 Dec 2019 12:33:50 GMT" time="203.408" errors="0">
  <testcase name="ActivityOption_dynamicTripSummaryReport" time="203.408" classname="com.test.automation.FMSV12_Japan.vehiclereports.TC212_VerifyActivity_DynamicTripSummaryReport"/>
</testsuite> <!-- com.test.automation.FMSV12_Japan.vehiclereports.TC212_VerifyActivity_DynamicTripSummaryReport -->
