<?xml version="1.0" encoding="UTF-8"?>
<!-- Generated by org.testng.reporters.JUnitReportReporter -->
<testsuite skipped="0" hostname="Nagarjuna-Y" name="com.test.automation.FMSV12_Japan.vehiclereports.TC206_VerifySpeedGraph" tests="1" failures="0" timestamp="21 Jan 2020 05:03:30 GMT" time="318.862" errors="0">
  <testcase name="verifySpeedGraphOption" time="318.862" classname="com.test.automation.FMSV12_Japan.vehiclereports.TC206_VerifySpeedGraph"/>
</testsuite> <!-- com.test.automation.FMSV12_Japan.vehiclereports.TC206_VerifySpeedGraph -->
