<?xml version="1.0" encoding="UTF-8"?>
<!-- Generated by org.testng.reporters.JUnitReportReporter -->
<testsuite skipped="0" hostname="Nagarjuna-Y" name="com.test.automation.FMSV12_Japan.vehiclereports.TC009_ActivitySummary" tests="1" failures="0" timestamp="03 Oct 2019 10:38:54 GMT" time="252.910" errors="0">
  <testcase name="ActivitySummaryOption" time="252.910" classname="com.test.automation.FMSV12_Japan.vehiclereports.TC009_ActivitySummary"/>
</testsuite> <!-- com.test.automation.FMSV12_Japan.vehiclereports.TC009_ActivitySummary -->
