<?xml version="1.0" encoding="UTF-8"?>
<!-- Generated by org.testng.reporters.JUnitReportReporter -->
<testsuite skipped="0" hostname="Nagarjuna-Y" name="com.test.automation.FMSV12_Japan.loginpage.TC004_VerfiyForgotPassword" tests="3" failures="0" timestamp="17 Jan 2020 05:20:10 GMT" time="25.896" errors="0">
  <testcase name="c_verifyForgotPasswordwith_ValidMailId" time="24.502" classname="com.test.automation.FMSV12_Japan.loginpage.TC004_VerfiyForgotPassword"/>
  <testcase name="b_verifyForgotPasswordwith_InvalidMailId" time="0.702" classname="com.test.automation.FMSV12_Japan.loginpage.TC004_VerfiyForgotPassword"/>
  <testcase name="a_verifyForgotPassword" time="0.692" classname="com.test.automation.FMSV12_Japan.loginpage.TC004_VerfiyForgotPassword"/>
</testsuite> <!-- com.test.automation.FMSV12_Japan.loginpage.TC004_VerfiyForgotPassword -->
