<?xml version="1.0" encoding="UTF-8"?>
<!-- Generated by org.testng.reporters.JUnitReportReporter -->
<testsuite skipped="0" hostname="Nagarjuna-Y" name="com.test.automation.FMSV12_Japan.loginpage.TC003_VerfyingSubmitButtonColorCode" tests="4" failures="0" timestamp="19 Nov 2019 10:53:42 GMT" time="1.428" errors="0">
  <testcase name="a_VerifyRememberMe_CheckBox" time="0.449" classname="com.test.automation.FMSV12_Japan.loginpage.TC003_VerfyingSubmitButtonColorCode"/>
  <testcase name="a_VerifyRememberMe_CheckBox" time="0.422" classname="com.test.automation.FMSV12_Japan.loginpage.TC003_VerfyingSubmitButtonColorCode"/>
  <testcase name="b_verifySubmitButtonColor_BeforeClick" time="0.386" classname="com.test.automation.FMSV12_Japan.loginpage.TC003_VerfyingSubmitButtonColorCode"/>
  <testcase name="b_verifySubmitButtonColor_BeforeClick" time="0.171" classname="com.test.automation.FMSV12_Japan.loginpage.TC003_VerfyingSubmitButtonColorCode"/>
</testsuite> <!-- com.test.automation.FMSV12_Japan.loginpage.TC003_VerfyingSubmitButtonColorCode -->
