<?xml version="1.0" encoding="UTF-8"?>
<!-- Generated by org.testng.reporters.JUnitReportReporter -->
<testsuite skipped="0" hostname="Nagarjuna-Y" name="com.test.automation.FMSV12_Japan.dashboard.TC113_VerifyStateOfVehicle_NotPolling" tests="2" failures="0" timestamp="14 Nov 2019 06:26:54 GMT" time="252.925" errors="0">
  <testcase name="notpollingState" time="252.275" classname="com.test.automation.FMSV12_Japan.dashboard.TC113_VerifyStateOfVehicle_NotPolling"/>
  <testcase name="NotPollingVehiclesReport_VerifyRecordsperpageDropdown" time="0.650" classname="com.test.automation.FMSV12_Japan.dashboard.TC113_VerifyStateOfVehicle_NotPolling"/>
</testsuite> <!-- com.test.automation.FMSV12_Japan.dashboard.TC113_VerifyStateOfVehicle_NotPolling -->
