<?xml version="1.0" encoding="UTF-8"?>
<!-- Generated by org.testng.reporters.JUnitReportReporter -->
<testsuite skipped="0" hostname="Nagarjuna-Y" name="com.test.automation.FMSV12_Japan.loginpage.TC014_VerifyingSubmitButtonColorAfterClick" tests="1" failures="0" timestamp="22 Oct 2019 09:21:47 GMT" time="0.858" errors="0">
  <testcase name="verifySubmitButtonColor_AfterClick" time="0.858" classname="com.test.automation.FMSV12_Japan.loginpage.TC014_VerifyingSubmitButtonColorAfterClick"/>
</testsuite> <!-- com.test.automation.FMSV12_Japan.loginpage.TC014_VerifyingSubmitButtonColorAfterClick -->
