<?xml version="1.0" encoding="UTF-8"?>
<!-- Generated by org.testng.reporters.JUnitReportReporter -->
<testsuite skipped="0" hostname="Nagarjuna-Y" name="com.test.automation.FMSV12_Japan.dashboard.TC113_VerifyStateOfVehicle_NotPolling" tests="1" failures="0" timestamp="20 Jan 2020 06:45:03 GMT" time="251.024" errors="0">
  <testcase name="Verify_NotpollingState" time="251.024" classname="com.test.automation.FMSV12_Japan.dashboard.TC113_VerifyStateOfVehicle_NotPolling"/>
</testsuite> <!-- com.test.automation.FMSV12_Japan.dashboard.TC113_VerifyStateOfVehicle_NotPolling -->
