<?xml version="1.0" encoding="UTF-8"?>
<!-- Generated by org.testng.reporters.JUnitReportReporter -->
<testsuite skipped="0" hostname="Nagarjuna-Y" name="com.test.automation.FMSV12_Japan.dashboard.TC110_VerifyStateOfVehicle_Idle" tests="2" failures="0" timestamp="26 Nov 2019 10:18:52 GMT" time="256.114" errors="0">
  <testcase name="b_IdleVehiclesReport_VerifyRecordsperpageDropdown" time="0.628" classname="com.test.automation.FMSV12_Japan.dashboard.TC110_VerifyStateOfVehicle_Idle"/>
  <testcase name="a_idleState" time="255.486" classname="com.test.automation.FMSV12_Japan.dashboard.TC110_VerifyStateOfVehicle_Idle"/>
</testsuite> <!-- com.test.automation.FMSV12_Japan.dashboard.TC110_VerifyStateOfVehicle_Idle -->
