<?xml version="1.0" encoding="UTF-8"?>
<!-- Generated by org.testng.reporters.JUnitReportReporter -->
<testsuite skipped="0" hostname="Nagarjuna-Y" name="com.test.automation.FMSV12_Japan.dashboard.TC107_VerifyingVehicleStatusReport" tests="2" failures="0" timestamp="19 Nov 2019 10:53:42 GMT" time="137.212" errors="0">
  <testcase name="masterOption" time="69.300" classname="com.test.automation.FMSV12_Japan.dashboard.TC107_VerifyingVehicleStatusReport"/>
  <testcase name="masterOption" time="67.912" classname="com.test.automation.FMSV12_Japan.dashboard.TC107_VerifyingVehicleStatusReport"/>
</testsuite> <!-- com.test.automation.FMSV12_Japan.dashboard.TC107_VerifyingVehicleStatusReport -->
