<?xml version="1.0" encoding="UTF-8"?>
<!-- Generated by org.testng.reporters.JUnitReportReporter -->
<testsuite skipped="0" hostname="Nagarjuna-Y" name="com.test.automation.FMSV12_Japan.dashboard.TC116_VerifyDashboard_AlertNotification" tests="2" failures="0" timestamp="05 Dec 2019 07:39:21 GMT" time="79.752" errors="0">
  <testcase name="a_VerifyNotificationHeader1" time="79.229" classname="com.test.automation.FMSV12_Japan.dashboard.TC116_VerifyDashboard_AlertNotification"/>
  <testcase name="b_VerifyNotificationHeader2" time="0.523" classname="com.test.automation.FMSV12_Japan.dashboard.TC116_VerifyDashboard_AlertNotification"/>
</testsuite> <!-- com.test.automation.FMSV12_Japan.dashboard.TC116_VerifyDashboard_AlertNotification -->
