<?xml version="1.0" encoding="UTF-8"?>
<!-- Generated by org.testng.reporters.JUnitReportReporter -->
<testsuite skipped="0" hostname="Nagarjuna-Y" name="com.test.automation.FMSV12_Japan.vehiclereports.TC202_VerifyIdleReport" tests="1" failures="0" timestamp="21 Jan 2020 05:03:30 GMT" time="322.416" errors="0">
  <testcase name="verifyIdleOption" time="322.416" classname="com.test.automation.FMSV12_Japan.vehiclereports.TC202_VerifyIdleReport"/>
</testsuite> <!-- com.test.automation.FMSV12_Japan.vehiclereports.TC202_VerifyIdleReport -->
