<?xml version="1.0" encoding="UTF-8"?>
<!-- Generated by org.testng.reporters.JUnitReportReporter -->
<testsuite skipped="0" hostname="Nagarjuna-Y" name="com.test.automation.FMSV12_Japan.vehiclereports.TC201_VerifyActivityReport" tests="1" failures="0" timestamp="21 Jan 2020 05:03:30 GMT" time="198.055" errors="0">
  <testcase name="verifyActivityOption" time="198.055" classname="com.test.automation.FMSV12_Japan.vehiclereports.TC201_VerifyActivityReport"/>
</testsuite> <!-- com.test.automation.FMSV12_Japan.vehiclereports.TC201_VerifyActivityReport -->
