<?xml version="1.0" encoding="UTF-8"?>
<!-- Generated by org.testng.reporters.JUnitReportReporter -->
<testsuite skipped="0" hostname="Nagarjuna-Y" name="com.test.automation.FMSV12_Japan.dashboard.TC104_Verify_UserProfileMenu" tests="3" failures="0" timestamp="04 Dec 2019 12:29:16 GMT" time="207.550" errors="0">
  <testcase name="userProfile" time="66.526" classname="com.test.automation.FMSV12_Japan.dashboard.TC104_Verify_UserProfileMenu"/>
  <testcase name="userProfile" time="69.109" classname="com.test.automation.FMSV12_Japan.dashboard.TC104_Verify_UserProfileMenu"/>
  <testcase name="userProfile" time="71.915" classname="com.test.automation.FMSV12_Japan.dashboard.TC104_Verify_UserProfileMenu"/>
</testsuite> <!-- com.test.automation.FMSV12_Japan.dashboard.TC104_Verify_UserProfileMenu -->
