<?xml version="1.0" encoding="UTF-8"?>
<!-- Generated by org.testng.reporters.JUnitReportReporter -->
<testsuite skipped="0" hostname="Nagarjuna-Y" name="com.test.automation.FMSV12_Japan.loginpage.TC002_VerifyLoginPageMeikoLogo" tests="3" failures="0" timestamp="04 Dec 2019 12:29:16 GMT" time="0.864" errors="0">
  <testcase name="verifyMeikoLogo" time="0.193" classname="com.test.automation.FMSV12_Japan.loginpage.TC002_VerifyLoginPageMeikoLogo"/>
  <testcase name="verifyMeikoLogo" time="0.260" classname="com.test.automation.FMSV12_Japan.loginpage.TC002_VerifyLoginPageMeikoLogo"/>
  <testcase name="verifyMeikoLogo" time="0.411" classname="com.test.automation.FMSV12_Japan.loginpage.TC002_VerifyLoginPageMeikoLogo"/>
</testsuite> <!-- com.test.automation.FMSV12_Japan.loginpage.TC002_VerifyLoginPageMeikoLogo -->
