<?xml version="1.0" encoding="UTF-8"?>
<!-- Generated by org.testng.reporters.JUnitReportReporter -->
<testsuite skipped="0" hostname="Nagarjuna-Y" name="com.test.automation.FMSV12_Japan.dashboard.TC112_VerifyStateOfVehicle_OutOfService" tests="2" failures="0" timestamp="19 Nov 2019 07:44:32 GMT" time="259.123" errors="0">
  <testcase name="a_outofserviceState" time="258.500" classname="com.test.automation.FMSV12_Japan.dashboard.TC112_VerifyStateOfVehicle_OutOfService"/>
  <testcase name="b_OutOfServiceVehiclesReport_VerifyRecordsperpageDropdown" time="0.623" classname="com.test.automation.FMSV12_Japan.dashboard.TC112_VerifyStateOfVehicle_OutOfService"/>
</testsuite> <!-- com.test.automation.FMSV12_Japan.dashboard.TC112_VerifyStateOfVehicle_OutOfService -->
