<?xml version="1.0" encoding="UTF-8"?>
<!-- Generated by org.testng.reporters.JUnitReportReporter -->
<testsuite skipped="0" hostname="Nagarjuna-Y" name="com.test.automation.FMSV12_Japan.dashboard.TC101_VerifyUserProfile_ChangePassword" tests="4" failures="0" timestamp="20 Jan 2020 06:45:03 GMT" time="71.391" errors="0">
  <testcase name="d_verifyingChangePasswordValidation" time="1.075" classname="com.test.automation.FMSV12_Japan.dashboard.TC101_VerifyUserProfile_ChangePassword"/>
  <testcase name="a_verifyingChangePasswordValidation" time="68.538" classname="com.test.automation.FMSV12_Japan.dashboard.TC101_VerifyUserProfile_ChangePassword"/>
  <testcase name="b_verifyingChangePasswordValidation" time="0.854" classname="com.test.automation.FMSV12_Japan.dashboard.TC101_VerifyUserProfile_ChangePassword"/>
  <testcase name="c_verifyingChangePasswordValidation" time="0.924" classname="com.test.automation.FMSV12_Japan.dashboard.TC101_VerifyUserProfile_ChangePassword"/>
</testsuite> <!-- com.test.automation.FMSV12_Japan.dashboard.TC101_VerifyUserProfile_ChangePassword -->
