<?xml version="1.0" encoding="UTF-8"?>
<!-- Generated by org.testng.reporters.JUnitReportReporter -->
<testsuite skipped="0" hostname="Nagarjuna-Y" name="com.test.automation.FMSV12_Japan.loginpage.TC005_VerifyingSubmitButtonColorAfterClick" tests="3" failures="0" timestamp="04 Dec 2019 12:29:16 GMT" time="15.679" errors="0">
  <testcase name="verifySubmitButtonColor_AfterClick" time="0.769" classname="com.test.automation.FMSV12_Japan.loginpage.TC005_VerifyingSubmitButtonColorAfterClick"/>
  <testcase name="verifySubmitButtonColor_AfterClick" time="14.205" classname="com.test.automation.FMSV12_Japan.loginpage.TC005_VerifyingSubmitButtonColorAfterClick"/>
  <testcase name="verifySubmitButtonColor_AfterClick" time="0.705" classname="com.test.automation.FMSV12_Japan.loginpage.TC005_VerifyingSubmitButtonColorAfterClick"/>
</testsuite> <!-- com.test.automation.FMSV12_Japan.loginpage.TC005_VerifyingSubmitButtonColorAfterClick -->
