<?xml version="1.0" encoding="UTF-8"?>
<!-- Generated by org.testng.reporters.JUnitReportReporter -->
<testsuite skipped="0" hostname="Nagarjuna-Y" name="com.test.automation.FMSV12_Japan.vehiclereports.TC204_VerifyTotalDistanceReport" tests="1" failures="0" timestamp="29 Nov 2019 11:54:47 GMT" time="259.048" errors="0">
  <testcase name="TotaldistanceOption" time="259.048" classname="com.test.automation.FMSV12_Japan.vehiclereports.TC204_VerifyTotalDistanceReport"/>
</testsuite> <!-- com.test.automation.FMSV12_Japan.vehiclereports.TC204_VerifyTotalDistanceReport -->
