<?xml version="1.0" encoding="UTF-8"?>
<!-- Generated by org.testng.reporters.JUnitReportReporter -->
<testsuite skipped="0" hostname="Nagarjuna-Y" name="com.test.automation.FMSV12_Japan.vehiclereports.TC209_VerifyActivity_UnauthorizedStopReport" tests="1" failures="0" timestamp="05 Dec 2019 12:33:50 GMT" time="200.535" errors="0">
  <testcase name="ActivityOption_unauthorizedStopReport" time="200.535" classname="com.test.automation.FMSV12_Japan.vehiclereports.TC209_VerifyActivity_UnauthorizedStopReport"/>
</testsuite> <!-- com.test.automation.FMSV12_Japan.vehiclereports.TC209_VerifyActivity_UnauthorizedStopReport -->
