<?xml version="1.0" encoding="UTF-8"?>
<!-- Generated by org.testng.reporters.JUnitReportReporter -->
<testsuite skipped="0" hostname="Nagarjuna-Y" name="com.test.automation.FMSV12_Japan.loginpage.TC005_VerifyingSubmitButtonColorAfterClick" tests="3" failures="0" timestamp="14 Nov 2019 09:40:21 GMT" time="3.102" errors="0">
  <testcase name="verifySubmitButtonColor_AfterClick" time="0.647" classname="com.test.automation.FMSV12_Japan.loginpage.TC005_VerifyingSubmitButtonColorAfterClick"/>
  <testcase name="verifySubmitButtonColor_AfterClick" time="1.684" classname="com.test.automation.FMSV12_Japan.loginpage.TC005_VerifyingSubmitButtonColorAfterClick"/>
  <testcase name="verifySubmitButtonColor_AfterClick" time="0.771" classname="com.test.automation.FMSV12_Japan.loginpage.TC005_VerifyingSubmitButtonColorAfterClick"/>
</testsuite> <!-- com.test.automation.FMSV12_Japan.loginpage.TC005_VerifyingSubmitButtonColorAfterClick -->
