<?xml version="1.0" encoding="UTF-8"?>
<!-- Generated by org.testng.reporters.JUnitReportReporter -->
<testsuite skipped="0" hostname="Nagarjuna-Y" name="com.test.automation.FMSV12_Japan.vehiclereports.TC201_03_VerifyActivityReport_OverSpeedSummaryReport" tests="1" failures="0" timestamp="13 Dec 2019 11:41:37 GMT" time="235.324" errors="0">
  <testcase name="verifyActivityOption_overSpeedSummaryReport" time="235.324" classname="com.test.automation.FMSV12_Japan.vehiclereports.TC201_03_VerifyActivityReport_OverSpeedSummaryReport"/>
</testsuite> <!-- com.test.automation.FMSV12_Japan.vehiclereports.TC201_03_VerifyActivityReport_OverSpeedSummaryReport -->
