<?xml version="1.0" encoding="UTF-8"?>
<!-- Generated by org.testng.reporters.JUnitReportReporter -->
<testsuite skipped="0" hostname="Nagarjuna-Y" name="com.test.automation.FMSV12_Japan.dashboard.TC102_VerifyUserprofile_ContactUs" tests="1" failures="0" timestamp="20 Jan 2020 06:45:03 GMT" time="66.502" errors="0">
  <testcase name="Verifying_ContactUS_PopWindow" time="66.502" classname="com.test.automation.FMSV12_Japan.dashboard.TC102_VerifyUserprofile_ContactUs"/>
</testsuite> <!-- com.test.automation.FMSV12_Japan.dashboard.TC102_VerifyUserprofile_ContactUs -->
