<?xml version="1.0" encoding="UTF-8"?>
<!-- Generated by org.testng.reporters.JUnitReportReporter -->
<testsuite skipped="0" hostname="Nagarjuna-Y" name="com.test.automation.FMSV12_Japan.loginpage.TC004_VerfiyForgotPassword" tests="9" failures="0" timestamp="04 Dec 2019 12:29:16 GMT" time="78.918" errors="0">
  <testcase name="a_verifyForgotPassword" time="0.634" classname="com.test.automation.FMSV12_Japan.loginpage.TC004_VerfiyForgotPassword"/>
  <testcase name="c_verifyForgotPasswordwith_ValidMailId" time="24.397" classname="com.test.automation.FMSV12_Japan.loginpage.TC004_VerfiyForgotPassword"/>
  <testcase name="b_verifyForgotPasswordwith_InvalidMailId" time="0.580" classname="com.test.automation.FMSV12_Japan.loginpage.TC004_VerfiyForgotPassword"/>
  <testcase name="c_verifyForgotPasswordwith_ValidMailId" time="11.397" classname="com.test.automation.FMSV12_Japan.loginpage.TC004_VerfiyForgotPassword"/>
  <testcase name="a_verifyForgotPassword" time="0.793" classname="com.test.automation.FMSV12_Japan.loginpage.TC004_VerfiyForgotPassword"/>
  <testcase name="a_verifyForgotPassword" time="14.822" classname="com.test.automation.FMSV12_Japan.loginpage.TC004_VerfiyForgotPassword"/>
  <testcase name="b_verifyForgotPasswordwith_InvalidMailId" time="0.629" classname="com.test.automation.FMSV12_Japan.loginpage.TC004_VerfiyForgotPassword"/>
  <testcase name="c_verifyForgotPasswordwith_ValidMailId" time="24.191" classname="com.test.automation.FMSV12_Japan.loginpage.TC004_VerfiyForgotPassword"/>
  <testcase name="b_verifyForgotPasswordwith_InvalidMailId" time="1.475" classname="com.test.automation.FMSV12_Japan.loginpage.TC004_VerfiyForgotPassword"/>
</testsuite> <!-- com.test.automation.FMSV12_Japan.loginpage.TC004_VerfiyForgotPassword -->
