<?xml version="1.0" encoding="UTF-8"?>
<!-- Generated by org.testng.reporters.JUnitReportReporter -->
<testsuite skipped="0" hostname="Nagarjuna-Y" name="com.test.automation.FMSV12_Japan.dashboard.TC103_VerifyUserProfile_Help" tests="1" failures="0" timestamp="12 Nov 2019 12:28:51 GMT" time="68.337" errors="0">
  <testcase name="Verifying_Help_PopWindow" time="68.337" classname="com.test.automation.FMSV12_Japan.dashboard.TC103_VerifyUserProfile_Help"/>
</testsuite> <!-- com.test.automation.FMSV12_Japan.dashboard.TC103_VerifyUserProfile_Help -->
