<?xml version="1.0" encoding="UTF-8"?>
<!-- Generated by org.testng.reporters.JUnitReportReporter -->
<testsuite skipped="0" hostname="Nagarjuna-Y" name="com.test.automation.FMSV12_Japan.vehiclereports.TC213_VerifyActivity_WorkandDriveHourReport" tests="1" failures="0" timestamp="09 Dec 2019 09:19:06 GMT" time="204.285" errors="0">
  <testcase name="ActivityOption_workandDriveHourReport" time="204.285" classname="com.test.automation.FMSV12_Japan.vehiclereports.TC213_VerifyActivity_WorkandDriveHourReport"/>
</testsuite> <!-- com.test.automation.FMSV12_Japan.vehiclereports.TC213_VerifyActivity_WorkandDriveHourReport -->
