<?xml version="1.0" encoding="UTF-8"?>
<!-- Generated by org.testng.reporters.JUnitReportReporter -->
<testsuite skipped="0" hostname="Nagarjuna-Y" name="com.test.automation.FMSV12_Japan.dashboard.TC109_VerifyStateOfVehicle_Stopped" tests="4" failures="0" timestamp="19 Nov 2019 10:53:42 GMT" time="518.763" errors="0">
  <testcase name="b_StoppedVehiclesReport_VerifyRecordsperpageDropdown" time="0.588" classname="com.test.automation.FMSV12_Japan.dashboard.TC109_VerifyStateOfVehicle_Stopped"/>
  <testcase name="a_stoppedState" time="262.918" classname="com.test.automation.FMSV12_Japan.dashboard.TC109_VerifyStateOfVehicle_Stopped"/>
  <testcase name="b_StoppedVehiclesReport_VerifyRecordsperpageDropdown" time="1.029" classname="com.test.automation.FMSV12_Japan.dashboard.TC109_VerifyStateOfVehicle_Stopped"/>
  <testcase name="a_stoppedState" time="254.228" classname="com.test.automation.FMSV12_Japan.dashboard.TC109_VerifyStateOfVehicle_Stopped"/>
</testsuite> <!-- com.test.automation.FMSV12_Japan.dashboard.TC109_VerifyStateOfVehicle_Stopped -->
