<?xml version="1.0" encoding="UTF-8"?>
<!-- Generated by org.testng.reporters.JUnitReportReporter -->
<testsuite skipped="0" hostname="Nagarjuna-Y" name="com.test.automation.FMSV12_Japan.trackonmap.TC304_VerifySummaryData" tests="1" failures="0" timestamp="16 Jan 2020 04:51:13 GMT" time="437.622" errors="0">
  <testcase name="verifySummaryData" time="437.622" classname="com.test.automation.FMSV12_Japan.trackonmap.TC304_VerifySummaryData"/>
</testsuite> <!-- com.test.automation.FMSV12_Japan.trackonmap.TC304_VerifySummaryData -->
