<?xml version="1.0" encoding="UTF-8"?>
<!-- Generated by org.testng.reporters.JUnitReportReporter -->
<testsuite skipped="0" hostname="Nagarjuna-Y" name="com.test.automation.FMSV12_Japan.dashboard.TC115_VerifyRecentAlertsWindow" tests="1" failures="0" timestamp="20 Nov 2019 11:25:09 GMT" time="71.617" errors="0">
  <testcase name="verifyRecentAlerts_Window" time="71.617" classname="com.test.automation.FMSV12_Japan.dashboard.TC115_VerifyRecentAlertsWindow"/>
</testsuite> <!-- com.test.automation.FMSV12_Japan.dashboard.TC115_VerifyRecentAlertsWindow -->
