<?xml version="1.0" encoding="UTF-8"?>
<!-- Generated by org.testng.reporters.JUnitReportReporter -->
<testsuite skipped="0" hostname="Nagarjuna-Y" name="com.test.automation.FMSV12_Japan.vehiclereports.TC201_10_VerifyActivityReport_WorkandDriveHourReport" tests="1" failures="0" timestamp="13 Dec 2019 11:41:38 GMT" time="222.224" errors="0">
  <testcase name="verifyActivityOption_workandDriveHourReport" time="222.224" classname="com.test.automation.FMSV12_Japan.vehiclereports.TC201_10_VerifyActivityReport_WorkandDriveHourReport"/>
</testsuite> <!-- com.test.automation.FMSV12_Japan.vehiclereports.TC201_10_VerifyActivityReport_WorkandDriveHourReport -->
