<?xml version="1.0" encoding="UTF-8"?>
<!-- Generated by org.testng.reporters.JUnitReportReporter -->
<testsuite skipped="0" hostname="Nagarjuna-Y" name="com.test.automation.FMSV12_Japan.dashboard.TC103_VerifyUserProfile_Help" tests="1" failures="0" timestamp="20 Jan 2020 06:45:02 GMT" time="69.121" errors="0">
  <testcase name="Verifying_Help_PopWindow" time="69.121" classname="com.test.automation.FMSV12_Japan.dashboard.TC103_VerifyUserProfile_Help"/>
</testsuite> <!-- com.test.automation.FMSV12_Japan.dashboard.TC103_VerifyUserProfile_Help -->
