<?xml version="1.0" encoding="UTF-8"?>
<!-- Generated by org.testng.reporters.JUnitReportReporter -->
<testsuite skipped="0" hostname="Nagarjuna-Y" name="com.test.automation.FMSV12_Japan.loginpage.TC011_VerifyLoginPageMeikoLogo" tests="3" failures="0" timestamp="23 Oct 2019 09:29:57 GMT" time="0.930" errors="0">
  <testcase name="verifyMeikoLogo" time="0.401" classname="com.test.automation.FMSV12_Japan.loginpage.TC011_VerifyLoginPageMeikoLogo"/>
  <testcase name="verifyMeikoLogo" time="0.338" classname="com.test.automation.FMSV12_Japan.loginpage.TC011_VerifyLoginPageMeikoLogo"/>
  <testcase name="verifyMeikoLogo" time="0.191" classname="com.test.automation.FMSV12_Japan.loginpage.TC011_VerifyLoginPageMeikoLogo"/>
</testsuite> <!-- com.test.automation.FMSV12_Japan.loginpage.TC011_VerifyLoginPageMeikoLogo -->
