<?xml version="1.0" encoding="UTF-8"?>
<!-- Generated by org.testng.reporters.JUnitReportReporter -->
<testsuite skipped="0" hostname="Nagarjuna-Y" name="com.test.automation.FMSV12_Japan.vehiclereports.TC214_VerifySpeedGraph" tests="1" failures="0" timestamp="10 Dec 2019 06:38:28 GMT" time="312.928" errors="0">
  <testcase name="speedGraphOption" time="312.928" classname="com.test.automation.FMSV12_Japan.vehiclereports.TC214_VerifySpeedGraph"/>
</testsuite> <!-- com.test.automation.FMSV12_Japan.vehiclereports.TC214_VerifySpeedGraph -->
