<?xml version="1.0" encoding="UTF-8"?>
<!-- Generated by org.testng.reporters.JUnitReportReporter -->
<testsuite skipped="0" hostname="Nagarjuna-Y" name="com.test.automation.FMSV12_Japan.dashboard.TC114_VerfiyCurrentFleet_ToolTipText" tests="1" failures="0" timestamp="19 Nov 2019 07:44:32 GMT" time="127.036" errors="0">
  <testcase name="verifyCureentFleet_ToolTip" time="127.036" classname="com.test.automation.FMSV12_Japan.dashboard.TC114_VerfiyCurrentFleet_ToolTipText"/>
</testsuite> <!-- com.test.automation.FMSV12_Japan.dashboard.TC114_VerfiyCurrentFleet_ToolTipText -->
