<?xml version="1.0" encoding="UTF-8"?>
<!-- Generated by org.testng.reporters.JUnitReportReporter -->
<testsuite skipped="0" hostname="Nagarjuna-Y" name="com.test.automation.FMSV12_Japan.loginpage.TC005_ChangePassword" tests="4" failures="0" timestamp="08 Nov 2019 12:29:42 GMT" time="107.875" errors="0">
  <testcase name="VerifyingChangePasswordValidation_Type1" time="105.359" classname="com.test.automation.FMSV12_Japan.loginpage.TC005_ChangePassword"/>
  <testcase name="VerifyingChangePasswordValidation_Type2" time="0.727" classname="com.test.automation.FMSV12_Japan.loginpage.TC005_ChangePassword"/>
  <testcase name="VerifyingChangePasswordValidation_Type3" time="0.850" classname="com.test.automation.FMSV12_Japan.loginpage.TC005_ChangePassword"/>
  <testcase name="VerifyingChangePasswordValidation_Type4" time="0.939" classname="com.test.automation.FMSV12_Japan.loginpage.TC005_ChangePassword"/>
</testsuite> <!-- com.test.automation.FMSV12_Japan.loginpage.TC005_ChangePassword -->
