<?xml version="1.0" encoding="UTF-8"?>
<!-- Generated by org.testng.reporters.JUnitReportReporter -->
<testsuite skipped="0" hostname="Nagarjuna-Y" name="com.test.automation.FMSV12_Japan.loginpage.TC001_Verifylogin" tests="16" failures="0" timestamp="19 Nov 2019 10:53:42 GMT" time="274.831" errors="0">
  <testcase name="verifyLogin" time="22.836" classname="com.test.automation.FMSV12_Japan.loginpage.TC001_Verifylogin"/>
  <testcase name="verifyLogin" time="22.364" classname="com.test.automation.FMSV12_Japan.loginpage.TC001_Verifylogin"/>
  <testcase name="verifyLogin" time="22.910" classname="com.test.automation.FMSV12_Japan.loginpage.TC001_Verifylogin"/>
  <testcase name="verifyLogin" time="22.767" classname="com.test.automation.FMSV12_Japan.loginpage.TC001_Verifylogin"/>
  <testcase name="verifyLogin" time="22.337" classname="com.test.automation.FMSV12_Japan.loginpage.TC001_Verifylogin"/>
  <testcase name="verifyLogin" time="22.825" classname="com.test.automation.FMSV12_Japan.loginpage.TC001_Verifylogin"/>
  <testcase name="verifyLogin" time="0.875" classname="com.test.automation.FMSV12_Japan.loginpage.TC001_Verifylogin"/>
  <testcase name="verifyLogin" time="22.517" classname="com.test.automation.FMSV12_Japan.loginpage.TC001_Verifylogin"/>
  <testcase name="verifyLogin" time="22.569" classname="com.test.automation.FMSV12_Japan.loginpage.TC001_Verifylogin"/>
  <testcase name="verifyLogin" time="0.813" classname="com.test.automation.FMSV12_Japan.loginpage.TC001_Verifylogin"/>
  <testcase name="verifyLogin" time="0.758" classname="com.test.automation.FMSV12_Japan.loginpage.TC001_Verifylogin"/>
  <testcase name="verifyLogin" time="22.486" classname="com.test.automation.FMSV12_Japan.loginpage.TC001_Verifylogin"/>
  <testcase name="verifyLogin" time="1.051" classname="com.test.automation.FMSV12_Japan.loginpage.TC001_Verifylogin"/>
  <testcase name="verifyLogin" time="22.194" classname="com.test.automation.FMSV12_Japan.loginpage.TC001_Verifylogin"/>
  <testcase name="verifyLogin" time="22.748" classname="com.test.automation.FMSV12_Japan.loginpage.TC001_Verifylogin"/>
  <testcase name="verifyLogin" time="22.781" classname="com.test.automation.FMSV12_Japan.loginpage.TC001_Verifylogin"/>
</testsuite> <!-- com.test.automation.FMSV12_Japan.loginpage.TC001_Verifylogin -->
