<?xml version="1.0" encoding="UTF-8"?>
<!-- Generated by org.testng.reporters.JUnitReportReporter -->
<testsuite skipped="0" hostname="Nagarjuna-Y" name="com.test.automation.FMSV12_Japan.loginpage.TC005_VerifyingSubmitButtonColorAfterClick" tests="1" failures="0" timestamp="12 Nov 2019 12:28:51 GMT" time="0.750" errors="0">
  <testcase name="verifySubmitButtonColor_AfterClick" time="0.750" classname="com.test.automation.FMSV12_Japan.loginpage.TC005_VerifyingSubmitButtonColorAfterClick"/>
</testsuite> <!-- com.test.automation.FMSV12_Japan.loginpage.TC005_VerifyingSubmitButtonColorAfterClick -->
